#
# A fatal error has been detected by the Java Runtime Environment:
#
#  SIGBUS (0xa) at pc=0x00000001380014f0, pid=19693, tid=30991
#
# JRE version: OpenJDK Runtime Environment Zulu17.30+15-CA (17.0.1+12) (build 17.0.1+12-LTS)
# Java VM: OpenJDK 64-Bit Server VM Zulu17.30+15-CA (17.0.1+12-LTS, mixed mode, sharing, tiered, compressed oops, compressed class ptrs, g1 gc, bsd-aarch64)
# Problematic frame:
# v  ~StubRoutines::SafeFetchN
#
# No core dump will be written. Core dumps have been disabled. To enable core dumping, try "ulimit -c unlimited" before starting Java again
#
# If you would like to submit a bug report, please visit:
#   http://www.azul.com/support/
# The crash happened outside the Java Virtual Machine in native code.
# See problematic frame for where to report the bug.
#

---------------  S U M M A R Y ------------

Command Line: -javaagent:/Applications/IntelliJ IDEA.app/Contents/lib/idea_rt.jar=50726:/Applications/IntelliJ IDEA.app/Contents/bin -Dfile.encoding=UTF-8 --module-path=/Users/felixhuisinga/.m2/repository/org/openjfx/javafx-graphics/17.0.0.1/javafx-graphics-17.0.0.1-mac-aarch64.jar:/Users/felixhuisinga/.m2/repository/com/fasterxml/jackson/core/jackson-core/2.13.0/jackson-core-2.13.0.jar:/Users/felixhuisinga/.m2/repository/com/fasterxml/jackson/dataformat/jackson-dataformat-yaml/2.13.0/jackson-dataformat-yaml-2.13.0.jar:/Users/felixhuisinga/.m2/repository/org/openjfx/javafx-fxml/17.0.0.1/javafx-fxml-17.0.0.1-mac-aarch64.jar:/Users/felixhuisinga/.m2/repository/com/fasterxml/jackson/core/jackson-databind/2.13.0/jackson-databind-2.13.0.jar:/Users/felixhuisinga/.m2/repository/org/openjfx/javafx-controls/17.0.0.1/javafx-controls-17.0.0.1-mac-aarch64.jar:/Users/felixhuisinga/.m2/repository/org/projectlombok/lombok/1.18.22/lombok-1.18.22.jar:/Users/felixhuisinga/Documents/Uni/Semester-3/Softwareergonimie/Abgabe_2/target/classes:/Users/felixhuisinga/.m2/repository/org/yaml/snakeyaml/1.28/snakeyaml-1.28.jar:/Users/felixhuisinga/.m2/repository/org/openjfx/javafx-base/17.0.0.1/javafx-base-17.0.0.1-mac-aarch64.jar:/Users/felixhuisinga/.m2/repository/com/fasterxml/jackson/core/jackson-annotations/2.13.0/jackson-annotations-2.13.0.jar -Djdk.module.main=de.rabitem.evluationtool de.rabitem.evluationtool/de.rabitem.evaluationtool.Main

Host: "Macmini9,1" arm64 1 MHz, 8 cores, 16G, Darwin 21.1.0, macOS 12.0.1 (21A559)
Time: Wed Nov 10 10:37:29 2021 CET elapsed time: 17.453635 seconds (0d 0h 0m 17s)

---------------  T H R E A D  ---------------

Current thread (0x000000011f0aa200):  JavaThread "InvokeLaterDispatcher" daemon [_thread_in_native, id=30991, stack(0x000000016e2b8000,0x000000016e4bb000)]

Stack: [0x000000016e2b8000,0x000000016e4bb000],  sp=0x000000016e4ba7a0,  free space=2057k
Native frames: (J=compiled Java code, j=interpreted, Vv=VM code, C=native code)
v  ~StubRoutines::SafeFetchN
V  [libjvm.dylib+0x7b587c]  _ZN10OopStorage7releaseEPKP7oopDesc+0x20
V  [libjvm.dylib+0x4c6190]  jni_DeleteGlobalRef+0xd8
C  [libglass.dylib+0xab08]  -[GlassRunnable dealloc]+0x34
C  [Foundation+0x85e0c]  -[_NSThreadPerformInfo dealloc]+0x30
C  [Foundation+0x525e8]  -[NSObject(NSThreadPerformAdditions) performSelectorOnMainThread:withObject:waitUntilDone:]+0x88
C  0x561280013fd0bf4c
J 4194 c1 com.sun.glass.ui.mac.MacApplication.submitForLaterInvocation(Ljava/lang/Runnable;)V javafx.graphics (6 bytes) @ 0x0000000138e2b0d8 [0x0000000138e2b040+0x0000000000000098]
C  0x000000070c00b5a8

Java frames: (J=compiled Java code, j=interpreted, Vv=VM code)
J 4205  com.sun.glass.ui.mac.MacApplication._submitForLaterInvocation(Ljava/lang/Runnable;)V javafx.graphics (0 bytes) @ 0x000000013fd0bf4c [0x000000013fd0bec0+0x000000000000008c]
J 4194 c1 com.sun.glass.ui.mac.MacApplication.submitForLaterInvocation(Ljava/lang/Runnable;)V javafx.graphics (6 bytes) @ 0x0000000138e2b0d8 [0x0000000138e2b040+0x0000000000000098]
j  com.sun.glass.ui.InvokeLaterDispatcher.run()V+82 javafx.graphics
v  ~StubRoutines::call_stub

siginfo: si_signo: 10 (SIGBUS), si_code: 1 (BUS_ADRALN), si_addr: 0x00000001380014f0

Register to memory mapping:

 x0=0x000000012b0048c8 points into unknown readable memory: 0x0000000000000000 | 00 00 00 00 00 00 00 00
 x1=0x0 is NULL
 x2=0x000000070ff079c0 is an oop: com.sun.glass.ui.InvokeLaterDispatcher$Future 
{0x000000070ff079c0} - klass: 'com/sun/glass/ui/InvokeLaterDispatcher$Future'
 - ---- fields (total size 3 words):
 - private 'done' 'Z' @12  true
 - private final 'runnable' 'Ljava/lang/Runnable;' @16  a 'com/sun/javafx/tk/quantum/QuantumToolkit$$Lambda$111+0x0000000800c3a1b8'{0x000000070c0bac80} (e1817590)
 - final synthetic 'this$0' 'Lcom/sun/glass/ui/InvokeLaterDispatcher;' @20  a 'com/sun/glass/ui/InvokeLaterDispatcher'{0x000000070c00b5a8} (e18016b5)
 x3=0x0 is NULL
 x4=0x00000000000130a8 is an unknown value
 x5=0x0 is NULL
 x6=0x0 is NULL
 x7=0x0 is NULL
 x8=0x00000001380014ec is at begin+0 in a stub
StubRoutines::SafeFetchN [0x00000001380014ec, 0x00000001380014f8] (12 bytes)
 x9=0x0 is NULL
x10=0x2010000030300000 is an unknown value
x11=0x0000000000000007 is an unknown value
x12=0x0 is NULL
x13=0x0000600003458570 points into unknown readable memory: 0x0000000000000458 | 58 04 00 00 00 00 00 00
x14=0x0000000000000001 is an unknown value
x15=0x0000000105bf5f98: OBJC_CLASS_$_GlassRunnable+0 in /Users/felixhuisinga/.openjfx/cache/17.0.0.1/libglass.dylib at 0x0000000105bb0000
x16=0x0000000187060340: pthread_getspecific+0 in /usr/lib/system/libsystem_pthread.dylib at 0x000000018705e000
x17=0x0000600003e4fd20 points into unknown readable memory: 0xfffffffffffffffe | fe ff ff ff ff ff ff ff
x18=0x0 is NULL
x19=0x00006000031518f0 points into unknown readable memory: 0x0000600001855710 | 10 57 85 01 00 60 00 00
x20=0x000000012b0046c0 points into unknown readable memory: 0x0000000000000000 | 00 00 00 00 00 00 00 00
x21=0x000000012b0048c8 points into unknown readable memory: 0x0000000000000000 | 00 00 00 00 00 00 00 00
x22=0x000000011f0aa200 is a thread
x23=0x0000000000000001 is an unknown value
x24=0x000000012b004880 is a global jni handle
x25=0x0000000106a7ba08: _ZN12StubRoutines17_safefetchN_entryE+0 in /Library/Java/JavaVirtualMachines/zulu-17.jdk/Contents/Home/lib/server/libjvm.dylib at 0x0000000105e28000
x26=0x000000011a91c920 is pointing into metadata
x27=0x0 is NULL
x28=0x000000011f0aa200 is a thread


Registers:
 x0=0x000000012b0048c8  x1=0x0000000000000000  x2=0x000000070ff079c0  x3=0x0000000000000000
 x4=0x00000000000130a8  x5=0x0000000000000000  x6=0x0000000000000000  x7=0x0000000000000000
 x8=0x00000001380014ec  x9=0x0000000000000000 x10=0x2010000030300000 x11=0x0000000000000007
x12=0x0000000000000000 x13=0x0000600003458570 x14=0x0000000000000001 x15=0x0000000105bf5f98
x16=0x0000000187060340 x17=0x0000600003e4fd20 x18=0x0000000000000000 x19=0x00006000031518f0
x20=0x000000012b0046c0 x21=0x000000012b0048c8 x22=0x000000011f0aa200 x23=0x0000000000000001
x24=0x000000012b004880 x25=0x0000000106a7ba08 x26=0x000000011a91c920 x27=0x0000000000000000
x28=0x000000011f0aa200  fp=0x000000016e4ba7e0  lr=0x00000001065dc64c  sp=0x000000016e4ba7a0
pc=0x00000001380014f0 cpsr=0x0000000060001000
Top of Stack: (sp=0x000000016e4ba7a0)
0x000000016e4ba7a0:   000000011a91c920 0000000000000001
0x000000016e4ba7b0:   0000000800c2ce38 0000000000000000
0x000000016e4ba7c0:   000000011b809aa8 000000012b0048b0
0x000000016e4ba7d0:   000000012b0048b0 00006000031518f0
0x000000016e4ba7e0:   000000016e4ba820 00000001065dd87c
0x000000016e4ba7f0:   0000000000000001 000000012b0048b0
0x000000016e4ba800:   000000011b809aa8 000000012b0048b0
0x000000016e4ba810:   0000000000000001 000000011b809800
0x000000016e4ba820:   000000016e4ba860 00000001062ee190
0x000000016e4ba830:   0000000800c2ce38 000060000185e140
0x000000016e4ba840:   000060000185dc20 00000001d128d9f4
0x000000016e4ba850:   0000000000000000 000060000185dc20
0x000000016e4ba860:   000000016e4ba890 0000000105bbab08
0x000000016e4ba870:   b078b179101b00c5 0000000000000000
0x000000016e4ba880:   0000000000000000 0000600000fa6700
0x000000016e4ba890:   000000016e4ba8d0 0000000188028e0c
0x000000016e4ba8a0:   0000000800c2ce38 000060000185e140
0x000000016e4ba8b0:   000060000185dc20 b078b179101b00c5
0x000000016e4ba8c0:   0000000000000000 0000000000000000
0x000000016e4ba8d0:   000000016e4ba910 a56e800187ff55e8
0x000000016e4ba8e0:   0000000800c2ce38 00000001380087c0
0x000000016e4ba8f0:   000000011a91c35a 0000000106a833c0
0x000000016e4ba900:   000000016e4ba9f0 00000000000000b9
0x000000016e4ba910:   000000016e4ba970 561280013fd0bf4c
0x000000016e4ba920:   000000070beac7b8 000000070ff079c0
0x000000016e4ba930:   000000016e4baa98 000000018706c530
0x000000016e4ba940:   000000011f0aa200 0000000106a60130
0x000000016e4ba950:   000000016e4baa00 0000000000000001
0x000000016e4ba960:   000000016e4ba9a0 000000070bdf7218
0x000000016e4ba970:   000000016e4baa60 0000000138e2b0d8
0x000000016e4ba980:   000000070ff079c0 000000070c0bac80
0x000000016e4ba990:   000000016e4ba9f8 00000000000000b6 

Instructions: (pc=0x00000001380014f0)
0x00000001380013f0:   f2a0d489 f2c00029 6d425935 1e640886
0x0000000138001400:   0c402d31 1e6408c7 1f5654d0 1e6c1017
0x0000000138001410:   1f5050d0 1f504cd0 1f5048d0 1e650af6
0x0000000138001420:   1f50d8f6 1f5694d6 1f5158f6 1e762880
0x0000000138001430:   36000501 1e614000 14000026 2e251ca5
0x0000000138001440:   d2903009 f2a0d489 f2c00029 6d425d36
0x0000000138001450:   1e600806 0c402d32 1f5758c7 1e6c101a
0x0000000138001460:   1f4754c7 1e650805 1f4750c7 d2866668
0x0000000138001470:   f2a7fa68 1f474cc7 1e6608c0 1f4748c7
0x0000000138001480:   1e6e1019 eb08007f 540000ac 1f479400
0x0000000138001490:   1f460340 1e603b20 1400000e d2a7fd29
0x00000001380014a0:   eb09007f 540000ac 51480069 d3607d29
0x00000001380014b0:   9e670121 14000002 1e6a5001 1f679417
0x00000001380014c0:   1f668742 1e613b23 1e773857 1e773860
0x00000001380014d0:   a8c17ff3 910003bf a8c17bfd d65f03c0
0x00000001380014e0:   b9400001 aa0103e0 d65f03c0 f9400001
0x00000001380014f0:   aa0103e0 d65f03c0 00000000 00000000
0x0000000138001500:   00000000 00000000 00000000 00000000
0x0000000138001510:   00000000 00000000 00000000 00000000
0x0000000138001520:   00000000 00000000 00000000 00000000
0x0000000138001530:   00000000 00000000 00000000 00000000
0x0000000138001540:   00000000 00000000 00000000 00000000
0x0000000138001550:   00000000 00000000 00000000 00000000
0x0000000138001560:   00000000 00000000 00000000 00000000
0x0000000138001570:   00000000 00000000 00000000 00000000
0x0000000138001580:   00000000 00000000 00000000 00000000
0x0000000138001590:   00000000 00000000 00000000 00000000
0x00000001380015a0:   00000000 00000000 00000000 00000000
0x00000001380015b0:   00000000 00000000 00000000 00000000
0x00000001380015c0:   00000000 00000000 00000000 00000000
0x00000001380015d0:   00000000 00000000 00000000 00000000
0x00000001380015e0:   00000000 00000000 00000000 00000000 


Stack slot to memory mapping:
stack at sp + 0 slots: 0x000000011a91c920 is pointing into metadata
stack at sp + 1 slots: 0x0000000000000001 is an unknown value
stack at sp + 2 slots: 0x0000000800c2ce38 is a pointer to class: 
com.sun.glass.ui.mac.MacApplication {0x0000000800c2ce38}
 - instance size:     5
 - klass size:        136
 - access:            final synchronized 
 - state:             fully_initialized
 - name:              'com/sun/glass/ui/mac/MacApplication'
 - super:             'com/sun/glass/ui/Application'
 - sub:               
 - arrays:            NULL
 - methods:           Array<T>(0x000000011a8f77b8)
 - method ordering:   Array<T>(0x000000080091e738)
 - default_methods:   Array<T>(0x0000000000000000)
 - local interfaces:  Array<T>(0x000000011a8f75a8)
 - trans. interfaces: Array<T>(0x000000011a8f75a8)
 - constants:         constant pool [548]/operands[69] {0x000000011a8f62c8} for 'com/sun/glass/ui/mac/MacApplication' cache=0x000000011a91a2b8
 - class loader data:  loader data: 0x0000600002b40000 for instance a 'jdk/internal/loader/ClassLoaders$AppClassLoader'{0x000000070c021c00}
 - source file:       'MacApplication.java'
 - class annotations:       Array<T>(0x0000000000000000)
 - class type annotations:  Array<T>(0x0000000000000000)
 - field annotations:       Array<T>(0x0000000000000000)
 - field type annotations:  Array<T>(0x0000000000000000)
 - inner classes:     Array<T>(0x000000011a8f16a8)
 - nest members:     Array<T>(0x000000011a8f1700)
 - permitted subclasses:     Array<T>(0x00000008005c3560)
 - java mirror:       a 'java/lang/Class'{0x000000070c038568} = 'com/sun/glass/ui/mac/MacApplication'
 - vtable length      72  (start addr: 0x0000000800c2d008)
 - itable length      5 (start addr: 0x0000000800c2d248)
 - ---- static fields (1 words):
 - static final 'BROWSER_PARENT_ID' 'J' @112 
 - ---- non-static fields (7 words):
 - private 'initialActiveEventReceived' 'Z' @12 
 - private 'terminateWhenLastWindowClosed' 'Z' @13 
 - protected 'name' 'Ljava/lang/String;' @16 
 - private 'eventHandler' 'Lcom/sun/glass/ui/Application$EventHandler;' @20 
 - private 'initialOpenedFiles' '[Ljava/lang/String;' @24 
 - private 'isTaskbarApplication' 'Z' @14 
 - private 'firstDidResignActive' 'Z' @15 
 - private final 'invokeLaterDispatcher' 'Lcom/sun/glass/ui/InvokeLaterDispatcher;' @28 
 - private 'appleMenu' 'Lcom/sun/glass/ui/Menu;' @32 
 - private final 'reactivationLatch' 'Ljava/util/concurrent/CountDownLatch;' @36 
 - non-static oop maps: 16-36 
stack at sp + 3 slots: 0x0 is NULL
stack at sp + 4 slots: 0x000000011b809aa8 points into unknown readable memory: 0x0000000106a36878 | 78 68 a3 06 01 00 00 00
stack at sp + 5 slots: 0x000000012b0048b0 is a global jni handle
stack at sp + 6 slots: 0x000000012b0048b0 is a global jni handle
stack at sp + 7 slots: 0x00006000031518f0 points into unknown readable memory: 0x0000600001855710 | 10 57 85 01 00 60 00 00

StubRoutines::SafeFetchN [0x00000001380014ec, 0x00000001380014f8] (12 bytes)
[MachCode]
  0x00000001380014ec: 0100 40f9 | e003 01aa | c003 5fd6 
[/MachCode]

---------------  P R O C E S S  ---------------

Threads class SMR info:
_java_thread_list=0x0000600001b707e0, length=20, elements={
0x000000012a00f600, 0x000000012a10b800, 0x000000012a10e000, 0x000000012b812c00,
0x000000012b815400, 0x000000011b809200, 0x000000011b00ae00, 0x000000012a110600,
0x000000011c008e00, 0x000000011e80ae00, 0x000000011f008200, 0x000000011c009a00,
0x000000012a20fa00, 0x000000011f0aa200, 0x000000011b809800, 0x000000011f0fe000,
0x000000011f0fc800, 0x000000011f511600, 0x000000011f530600, 0x000000011f0ff400
}

Java Threads: ( => current thread )
  0x000000012a00f600 JavaThread "main" [_thread_blocked, id=10243, stack(0x000000016b498000,0x000000016b69b000)]
  0x000000012a10b800 JavaThread "Reference Handler" daemon [_thread_blocked, id=16899, stack(0x000000016c2ec000,0x000000016c4ef000)]
  0x000000012a10e000 JavaThread "Finalizer" daemon [_thread_blocked, id=15619, stack(0x000000016c4f8000,0x000000016c6fb000)]
  0x000000012b812c00 JavaThread "Signal Dispatcher" daemon [_thread_blocked, id=23043, stack(0x000000016c81c000,0x000000016ca1f000)]
  0x000000012b815400 JavaThread "Service Thread" daemon [_thread_blocked, id=42243, stack(0x000000016ca28000,0x000000016cc2b000)]
  0x000000011b809200 JavaThread "Monitor Deflation Thread" daemon [_thread_blocked, id=41731, stack(0x000000016cc34000,0x000000016ce37000)]
  0x000000011b00ae00 JavaThread "C2 CompilerThread0" daemon [_thread_blocked, id=23299, stack(0x000000016ce40000,0x000000016d043000)]
  0x000000012a110600 JavaThread "C1 CompilerThread0" daemon [_thread_blocked, id=41219, stack(0x000000016d04c000,0x000000016d24f000)]
  0x000000011c008e00 JavaThread "Sweeper thread" daemon [_thread_blocked, id=24067, stack(0x000000016d258000,0x000000016d45b000)]
  0x000000011e80ae00 JavaThread "Common-Cleaner" daemon [_thread_blocked, id=24579, stack(0x000000016d464000,0x000000016d667000)]
  0x000000011f008200 JavaThread "Monitor Ctrl-Break" daemon [_thread_in_native, id=40451, stack(0x000000016da88000,0x000000016dc8b000)]
  0x000000011c009a00 JavaThread "Notification Thread" daemon [_thread_blocked, id=39939, stack(0x000000016dc94000,0x000000016de97000)]
  0x000000012a20fa00 JavaThread "QuantumRenderer-0" daemon [_thread_blocked, id=39683, stack(0x000000016e0ac000,0x000000016e2af000)]
=>0x000000011f0aa200 JavaThread "InvokeLaterDispatcher" daemon [_thread_in_native, id=30991, stack(0x000000016e2b8000,0x000000016e4bb000)]
  0x000000011b809800 JavaThread "JavaFX Application Thread" [_thread_in_native, id=259, stack(0x000000016ac10000,0x000000016b40c000)]
  0x000000011f0fe000 JavaThread "JavaFX-Launcher" [_thread_blocked, id=72963, stack(0x000000016d814000,0x000000016da17000)]
  0x000000011f0fc800 JavaThread "Prism Font Disposer" daemon [_thread_blocked, id=57715, stack(0x000000016f198000,0x000000016f39b000)]
  0x000000011f511600 JavaThread "Cleaner-0" daemon [_thread_blocked, id=71967, stack(0x000000016f5b0000,0x000000016f7b3000)]
  0x000000011f530600 JavaThread "Attach Listener" daemon [_thread_blocked, id=1363, stack(0x000000016f7bc000,0x000000016f9bf000)]
  0x000000011f0ff400 JavaThread "PulseTimer-CVDisplayLink thread" daemon [_thread_in_native, id=81191, stack(0x000000016d670000,0x000000016d6f3000)]

Other Threads:
  0x0000000129e0ed70 VMThread "VM Thread" [stack: 0x000000016c0e0000,0x000000016c2e3000] [id=17411]
  0x0000000129e2b7c0 WatcherThread [stack: 0x000000016dea0000,0x000000016e0a3000] [id=25859]
  0x0000000129e08210 GCTaskThread "GC Thread#0" [stack: 0x000000016b6a4000,0x000000016b8a7000] [id=12291]
  0x0000000129e839f0 GCTaskThread "GC Thread#1" [stack: 0x000000016e4c4000,0x000000016e6c7000] [id=75551]
  0x0000000129e83ca0 GCTaskThread "GC Thread#2" [stack: 0x000000016e75c000,0x000000016e95f000] [id=53251]
  0x000000011a008fd0 GCTaskThread "GC Thread#3" [stack: 0x000000016e968000,0x000000016eb6b000] [id=53507]
  0x000000011a009450 GCTaskThread "GC Thread#4" [stack: 0x000000016eb74000,0x000000016ed77000] [id=72195]
  0x0000000129e83f50 GCTaskThread "GC Thread#5" [stack: 0x000000016ed80000,0x000000016ef83000] [id=54275]
  0x0000000105870180 GCTaskThread "GC Thread#6" [stack: 0x000000016ef8c000,0x000000016f18f000] [id=65211]
  0x000000010586f450 GCTaskThread "GC Thread#7" [stack: 0x000000016f3a4000,0x000000016f5a7000] [id=70663]
  0x0000000129e088c0 ConcurrentGCThread "G1 Main Marker" [stack: 0x000000016b8b0000,0x000000016bab3000] [id=19459]
  0x0000000119f04080 ConcurrentGCThread "G1 Conc#0" [stack: 0x000000016babc000,0x000000016bcbf000] [id=18947]
  0x0000000129e0a740 ConcurrentGCThread "G1 Refine#0" [stack: 0x000000016bcc8000,0x000000016becb000] [id=13059]
  0x0000000129e0afe0 ConcurrentGCThread "G1 Service" [stack: 0x000000016bed4000,0x000000016c0d7000] [id=13571]

Threads with active compile tasks:

VM state: not at safepoint (normal execution)

VM Mutex/Monitor currently owned by a thread: None

Heap address: 0x0000000700000000, size: 4096 MB, Compressed Oops mode: Zero based, Oop shift amount: 3

CDS archive(s) mapped at: [0x0000000800000000-0x0000000800bd4000-0x0000000800bd4000), size 12402688, SharedBaseAddress: 0x0000000800000000, ArchiveRelocationMode: 0.
Compressed class space mapped at: 0x0000000800c00000-0x0000000840c00000, reserved size: 1073741824
Narrow klass base: 0x0000000800000000, Narrow klass shift: 0, Narrow klass range: 0x100000000

GC Precious Log:
 CPUs: 8 total, 8 available
 Memory: 16384M
 Large Page Support: Disabled
 NUMA Support: Disabled
 Compressed Oops: Enabled (Zero based)
 Heap Region Size: 2M
 Heap Min Capacity: 8M
 Heap Initial Capacity: 256M
 Heap Max Capacity: 4G
 Pre-touch: Disabled
 Parallel Workers: 8
 Concurrent Workers: 2
 Concurrent Refinement Workers: 8
 Periodic GC: Disabled

Heap:
 garbage-first heap   total 266240K, used 20017K [0x0000000700000000, 0x0000000800000000)
  region size 2048K, 8 young (16384K), 4 survivors (8192K)
 Metaspace       used 17966K, committed 18240K, reserved 1064960K
  class space    used 2560K, committed 2688K, reserved 1048576K

Heap Regions: E=young(eden), S=young(survivor), O=old, HS=humongous(starts), HC=humongous(continues), CS=collection set, F=free, OA=open archive, CA=closed archive, TAMS=top-at-mark-start (previous, next)
|   0|0x0000000700000000, 0x0000000700000000, 0x0000000700200000|  0%| F|  |TAMS 0x0000000700000000, 0x0000000700000000| Untracked 
|   1|0x0000000700200000, 0x0000000700400000, 0x0000000700400000|100%|HS|  |TAMS 0x0000000700200000, 0x0000000700200000| Complete 
|   2|0x0000000700400000, 0x0000000700594400, 0x0000000700600000| 78%| O|  |TAMS 0x0000000700400000, 0x0000000700400000| Untracked 
|   3|0x0000000700600000, 0x0000000700600000, 0x0000000700800000|  0%| F|  |TAMS 0x0000000700600000, 0x0000000700600000| Untracked 
|   4|0x0000000700800000, 0x0000000700800000, 0x0000000700a00000|  0%| F|  |TAMS 0x0000000700800000, 0x0000000700800000| Untracked 
|   5|0x0000000700a00000, 0x0000000700a00000, 0x0000000700c00000|  0%| F|  |TAMS 0x0000000700a00000, 0x0000000700a00000| Untracked 
|   6|0x0000000700c00000, 0x0000000700c00000, 0x0000000700e00000|  0%| F|  |TAMS 0x0000000700c00000, 0x0000000700c00000| Untracked 
|   7|0x0000000700e00000, 0x0000000700e00000, 0x0000000701000000|  0%| F|  |TAMS 0x0000000700e00000, 0x0000000700e00000| Untracked 
|   8|0x0000000701000000, 0x0000000701000000, 0x0000000701200000|  0%| F|  |TAMS 0x0000000701000000, 0x0000000701000000| Untracked 
|   9|0x0000000701200000, 0x0000000701200000, 0x0000000701400000|  0%| F|  |TAMS 0x0000000701200000, 0x0000000701200000| Untracked 
|  10|0x0000000701400000, 0x0000000701400000, 0x0000000701600000|  0%| F|  |TAMS 0x0000000701400000, 0x0000000701400000| Untracked 
|  11|0x0000000701600000, 0x0000000701600000, 0x0000000701800000|  0%| F|  |TAMS 0x0000000701600000, 0x0000000701600000| Untracked 
|  12|0x0000000701800000, 0x0000000701800000, 0x0000000701a00000|  0%| F|  |TAMS 0x0000000701800000, 0x0000000701800000| Untracked 
|  13|0x0000000701a00000, 0x0000000701a00000, 0x0000000701c00000|  0%| F|  |TAMS 0x0000000701a00000, 0x0000000701a00000| Untracked 
|  14|0x0000000701c00000, 0x0000000701c00000, 0x0000000701e00000|  0%| F|  |TAMS 0x0000000701c00000, 0x0000000701c00000| Untracked 
|  15|0x0000000701e00000, 0x0000000701e00000, 0x0000000702000000|  0%| F|  |TAMS 0x0000000701e00000, 0x0000000701e00000| Untracked 
|  16|0x0000000702000000, 0x0000000702000000, 0x0000000702200000|  0%| F|  |TAMS 0x0000000702000000, 0x0000000702000000| Untracked 
|  17|0x0000000702200000, 0x0000000702200000, 0x0000000702400000|  0%| F|  |TAMS 0x0000000702200000, 0x0000000702200000| Untracked 
|  18|0x0000000702400000, 0x0000000702400000, 0x0000000702600000|  0%| F|  |TAMS 0x0000000702400000, 0x0000000702400000| Untracked 
|  19|0x0000000702600000, 0x0000000702600000, 0x0000000702800000|  0%| F|  |TAMS 0x0000000702600000, 0x0000000702600000| Untracked 
|  20|0x0000000702800000, 0x0000000702800000, 0x0000000702a00000|  0%| F|  |TAMS 0x0000000702800000, 0x0000000702800000| Untracked 
|  21|0x0000000702a00000, 0x0000000702a00000, 0x0000000702c00000|  0%| F|  |TAMS 0x0000000702a00000, 0x0000000702a00000| Untracked 
|  22|0x0000000702c00000, 0x0000000702c00000, 0x0000000702e00000|  0%| F|  |TAMS 0x0000000702c00000, 0x0000000702c00000| Untracked 
|  23|0x0000000702e00000, 0x0000000702e00000, 0x0000000703000000|  0%| F|  |TAMS 0x0000000702e00000, 0x0000000702e00000| Untracked 
|  24|0x0000000703000000, 0x0000000703000000, 0x0000000703200000|  0%| F|  |TAMS 0x0000000703000000, 0x0000000703000000| Untracked 
|  25|0x0000000703200000, 0x0000000703200000, 0x0000000703400000|  0%| F|  |TAMS 0x0000000703200000, 0x0000000703200000| Untracked 
|  26|0x0000000703400000, 0x0000000703400000, 0x0000000703600000|  0%| F|  |TAMS 0x0000000703400000, 0x0000000703400000| Untracked 
|  27|0x0000000703600000, 0x0000000703600000, 0x0000000703800000|  0%| F|  |TAMS 0x0000000703600000, 0x0000000703600000| Untracked 
|  28|0x0000000703800000, 0x0000000703800000, 0x0000000703a00000|  0%| F|  |TAMS 0x0000000703800000, 0x0000000703800000| Untracked 
|  29|0x0000000703a00000, 0x0000000703a00000, 0x0000000703c00000|  0%| F|  |TAMS 0x0000000703a00000, 0x0000000703a00000| Untracked 
|  30|0x0000000703c00000, 0x0000000703c00000, 0x0000000703e00000|  0%| F|  |TAMS 0x0000000703c00000, 0x0000000703c00000| Untracked 
|  31|0x0000000703e00000, 0x0000000703e00000, 0x0000000704000000|  0%| F|  |TAMS 0x0000000703e00000, 0x0000000703e00000| Untracked 
|  32|0x0000000704000000, 0x0000000704000000, 0x0000000704200000|  0%| F|  |TAMS 0x0000000704000000, 0x0000000704000000| Untracked 
|  33|0x0000000704200000, 0x0000000704200000, 0x0000000704400000|  0%| F|  |TAMS 0x0000000704200000, 0x0000000704200000| Untracked 
|  34|0x0000000704400000, 0x0000000704400000, 0x0000000704600000|  0%| F|  |TAMS 0x0000000704400000, 0x0000000704400000| Untracked 
|  35|0x0000000704600000, 0x0000000704600000, 0x0000000704800000|  0%| F|  |TAMS 0x0000000704600000, 0x0000000704600000| Untracked 
|  36|0x0000000704800000, 0x0000000704800000, 0x0000000704a00000|  0%| F|  |TAMS 0x0000000704800000, 0x0000000704800000| Untracked 
|  37|0x0000000704a00000, 0x0000000704a00000, 0x0000000704c00000|  0%| F|  |TAMS 0x0000000704a00000, 0x0000000704a00000| Untracked 
|  38|0x0000000704c00000, 0x0000000704c00000, 0x0000000704e00000|  0%| F|  |TAMS 0x0000000704c00000, 0x0000000704c00000| Untracked 
|  39|0x0000000704e00000, 0x0000000704e00000, 0x0000000705000000|  0%| F|  |TAMS 0x0000000704e00000, 0x0000000704e00000| Untracked 
|  40|0x0000000705000000, 0x0000000705000000, 0x0000000705200000|  0%| F|  |TAMS 0x0000000705000000, 0x0000000705000000| Untracked 
|  41|0x0000000705200000, 0x0000000705200000, 0x0000000705400000|  0%| F|  |TAMS 0x0000000705200000, 0x0000000705200000| Untracked 
|  42|0x0000000705400000, 0x0000000705400000, 0x0000000705600000|  0%| F|  |TAMS 0x0000000705400000, 0x0000000705400000| Untracked 
|  43|0x0000000705600000, 0x0000000705600000, 0x0000000705800000|  0%| F|  |TAMS 0x0000000705600000, 0x0000000705600000| Untracked 
|  44|0x0000000705800000, 0x0000000705800000, 0x0000000705a00000|  0%| F|  |TAMS 0x0000000705800000, 0x0000000705800000| Untracked 
|  45|0x0000000705a00000, 0x0000000705a00000, 0x0000000705c00000|  0%| F|  |TAMS 0x0000000705a00000, 0x0000000705a00000| Untracked 
|  46|0x0000000705c00000, 0x0000000705c00000, 0x0000000705e00000|  0%| F|  |TAMS 0x0000000705c00000, 0x0000000705c00000| Untracked 
|  47|0x0000000705e00000, 0x0000000705e00000, 0x0000000706000000|  0%| F|  |TAMS 0x0000000705e00000, 0x0000000705e00000| Untracked 
|  48|0x0000000706000000, 0x0000000706000000, 0x0000000706200000|  0%| F|  |TAMS 0x0000000706000000, 0x0000000706000000| Untracked 
|  49|0x0000000706200000, 0x0000000706200000, 0x0000000706400000|  0%| F|  |TAMS 0x0000000706200000, 0x0000000706200000| Untracked 
|  50|0x0000000706400000, 0x0000000706400000, 0x0000000706600000|  0%| F|  |TAMS 0x0000000706400000, 0x0000000706400000| Untracked 
|  51|0x0000000706600000, 0x0000000706600000, 0x0000000706800000|  0%| F|  |TAMS 0x0000000706600000, 0x0000000706600000| Untracked 
|  52|0x0000000706800000, 0x0000000706800000, 0x0000000706a00000|  0%| F|  |TAMS 0x0000000706800000, 0x0000000706800000| Untracked 
|  53|0x0000000706a00000, 0x0000000706a00000, 0x0000000706c00000|  0%| F|  |TAMS 0x0000000706a00000, 0x0000000706a00000| Untracked 
|  54|0x0000000706c00000, 0x0000000706c00000, 0x0000000706e00000|  0%| F|  |TAMS 0x0000000706c00000, 0x0000000706c00000| Untracked 
|  55|0x0000000706e00000, 0x0000000706e00000, 0x0000000707000000|  0%| F|  |TAMS 0x0000000706e00000, 0x0000000706e00000| Untracked 
|  56|0x0000000707000000, 0x0000000707000000, 0x0000000707200000|  0%| F|  |TAMS 0x0000000707000000, 0x0000000707000000| Untracked 
|  57|0x0000000707200000, 0x0000000707200000, 0x0000000707400000|  0%| F|  |TAMS 0x0000000707200000, 0x0000000707200000| Untracked 
|  58|0x0000000707400000, 0x0000000707400000, 0x0000000707600000|  0%| F|  |TAMS 0x0000000707400000, 0x0000000707400000| Untracked 
|  59|0x0000000707600000, 0x0000000707600000, 0x0000000707800000|  0%| F|  |TAMS 0x0000000707600000, 0x0000000707600000| Untracked 
|  60|0x0000000707800000, 0x0000000707800000, 0x0000000707a00000|  0%| F|  |TAMS 0x0000000707800000, 0x0000000707800000| Untracked 
|  61|0x0000000707a00000, 0x0000000707a00000, 0x0000000707c00000|  0%| F|  |TAMS 0x0000000707a00000, 0x0000000707a00000| Untracked 
|  62|0x0000000707c00000, 0x0000000707c00000, 0x0000000707e00000|  0%| F|  |TAMS 0x0000000707c00000, 0x0000000707c00000| Untracked 
|  63|0x0000000707e00000, 0x0000000707e00000, 0x0000000708000000|  0%| F|  |TAMS 0x0000000707e00000, 0x0000000707e00000| Untracked 
|  64|0x0000000708000000, 0x0000000708000000, 0x0000000708200000|  0%| F|  |TAMS 0x0000000708000000, 0x0000000708000000| Untracked 
|  65|0x0000000708200000, 0x0000000708200000, 0x0000000708400000|  0%| F|  |TAMS 0x0000000708200000, 0x0000000708200000| Untracked 
|  66|0x0000000708400000, 0x0000000708400000, 0x0000000708600000|  0%| F|  |TAMS 0x0000000708400000, 0x0000000708400000| Untracked 
|  67|0x0000000708600000, 0x0000000708600000, 0x0000000708800000|  0%| F|  |TAMS 0x0000000708600000, 0x0000000708600000| Untracked 
|  68|0x0000000708800000, 0x0000000708800000, 0x0000000708a00000|  0%| F|  |TAMS 0x0000000708800000, 0x0000000708800000| Untracked 
|  69|0x0000000708a00000, 0x0000000708a00000, 0x0000000708c00000|  0%| F|  |TAMS 0x0000000708a00000, 0x0000000708a00000| Untracked 
|  70|0x0000000708c00000, 0x0000000708c00000, 0x0000000708e00000|  0%| F|  |TAMS 0x0000000708c00000, 0x0000000708c00000| Untracked 
|  71|0x0000000708e00000, 0x0000000708e00000, 0x0000000709000000|  0%| F|  |TAMS 0x0000000708e00000, 0x0000000708e00000| Untracked 
|  72|0x0000000709000000, 0x0000000709000000, 0x0000000709200000|  0%| F|  |TAMS 0x0000000709000000, 0x0000000709000000| Untracked 
|  73|0x0000000709200000, 0x0000000709200000, 0x0000000709400000|  0%| F|  |TAMS 0x0000000709200000, 0x0000000709200000| Untracked 
|  74|0x0000000709400000, 0x0000000709400000, 0x0000000709600000|  0%| F|  |TAMS 0x0000000709400000, 0x0000000709400000| Untracked 
|  75|0x0000000709600000, 0x0000000709600000, 0x0000000709800000|  0%| F|  |TAMS 0x0000000709600000, 0x0000000709600000| Untracked 
|  76|0x0000000709800000, 0x0000000709800000, 0x0000000709a00000|  0%| F|  |TAMS 0x0000000709800000, 0x0000000709800000| Untracked 
|  77|0x0000000709a00000, 0x0000000709a00000, 0x0000000709c00000|  0%| F|  |TAMS 0x0000000709a00000, 0x0000000709a00000| Untracked 
|  78|0x0000000709c00000, 0x0000000709c00000, 0x0000000709e00000|  0%| F|  |TAMS 0x0000000709c00000, 0x0000000709c00000| Untracked 
|  79|0x0000000709e00000, 0x0000000709e00000, 0x000000070a000000|  0%| F|  |TAMS 0x0000000709e00000, 0x0000000709e00000| Untracked 
|  80|0x000000070a000000, 0x000000070a000000, 0x000000070a200000|  0%| F|  |TAMS 0x000000070a000000, 0x000000070a000000| Untracked 
|  81|0x000000070a200000, 0x000000070a200000, 0x000000070a400000|  0%| F|  |TAMS 0x000000070a200000, 0x000000070a200000| Untracked 
|  82|0x000000070a400000, 0x000000070a400000, 0x000000070a600000|  0%| F|  |TAMS 0x000000070a400000, 0x000000070a400000| Untracked 
|  83|0x000000070a600000, 0x000000070a600000, 0x000000070a800000|  0%| F|  |TAMS 0x000000070a600000, 0x000000070a600000| Untracked 
|  84|0x000000070a800000, 0x000000070a800000, 0x000000070aa00000|  0%| F|  |TAMS 0x000000070a800000, 0x000000070a800000| Untracked 
|  85|0x000000070aa00000, 0x000000070aa00000, 0x000000070ac00000|  0%| F|  |TAMS 0x000000070aa00000, 0x000000070aa00000| Untracked 
|  86|0x000000070ac00000, 0x000000070ac00000, 0x000000070ae00000|  0%| F|  |TAMS 0x000000070ac00000, 0x000000070ac00000| Untracked 
|  87|0x000000070ae00000, 0x000000070ae00000, 0x000000070b000000|  0%| F|  |TAMS 0x000000070ae00000, 0x000000070ae00000| Untracked 
|  88|0x000000070b000000, 0x000000070b000000, 0x000000070b200000|  0%| F|  |TAMS 0x000000070b000000, 0x000000070b000000| Untracked 
|  89|0x000000070b200000, 0x000000070b200000, 0x000000070b400000|  0%| F|  |TAMS 0x000000070b200000, 0x000000070b200000| Untracked 
|  90|0x000000070b400000, 0x000000070b400000, 0x000000070b600000|  0%| F|  |TAMS 0x000000070b400000, 0x000000070b400000| Untracked 
|  91|0x000000070b600000, 0x000000070b600000, 0x000000070b800000|  0%| F|  |TAMS 0x000000070b600000, 0x000000070b600000| Untracked 
|  92|0x000000070b800000, 0x000000070b800000, 0x000000070ba00000|  0%| F|  |TAMS 0x000000070b800000, 0x000000070b800000| Untracked 
|  93|0x000000070ba00000, 0x000000070bc00000, 0x000000070bc00000|100%| S|CS|TAMS 0x000000070ba00000, 0x000000070ba00000| Complete 
|  94|0x000000070bc00000, 0x000000070be00000, 0x000000070be00000|100%| S|CS|TAMS 0x000000070bc00000, 0x000000070bc00000| Complete 
|  95|0x000000070be00000, 0x000000070c000000, 0x000000070c000000|100%| S|CS|TAMS 0x000000070be00000, 0x000000070be00000| Complete 
|  96|0x000000070c000000, 0x000000070c200000, 0x000000070c200000|100%| S|CS|TAMS 0x000000070c000000, 0x000000070c000000| Complete 
|  97|0x000000070c200000, 0x000000070c200000, 0x000000070c400000|  0%| F|  |TAMS 0x000000070c200000, 0x000000070c200000| Untracked 
|  98|0x000000070c400000, 0x000000070c400000, 0x000000070c600000|  0%| F|  |TAMS 0x000000070c400000, 0x000000070c400000| Untracked 
|  99|0x000000070c600000, 0x000000070c600000, 0x000000070c800000|  0%| F|  |TAMS 0x000000070c600000, 0x000000070c600000| Untracked 
| 100|0x000000070c800000, 0x000000070c800000, 0x000000070ca00000|  0%| F|  |TAMS 0x000000070c800000, 0x000000070c800000| Untracked 
| 101|0x000000070ca00000, 0x000000070ca00000, 0x000000070cc00000|  0%| F|  |TAMS 0x000000070ca00000, 0x000000070ca00000| Untracked 
| 102|0x000000070cc00000, 0x000000070cc00000, 0x000000070ce00000|  0%| F|  |TAMS 0x000000070cc00000, 0x000000070cc00000| Untracked 
| 103|0x000000070ce00000, 0x000000070ce00000, 0x000000070d000000|  0%| F|  |TAMS 0x000000070ce00000, 0x000000070ce00000| Untracked 
| 104|0x000000070d000000, 0x000000070d000000, 0x000000070d200000|  0%| F|  |TAMS 0x000000070d000000, 0x000000070d000000| Untracked 
| 105|0x000000070d200000, 0x000000070d200000, 0x000000070d400000|  0%| F|  |TAMS 0x000000070d200000, 0x000000070d200000| Untracked 
| 106|0x000000070d400000, 0x000000070d400000, 0x000000070d600000|  0%| F|  |TAMS 0x000000070d400000, 0x000000070d400000| Untracked 
| 107|0x000000070d600000, 0x000000070d600000, 0x000000070d800000|  0%| F|  |TAMS 0x000000070d600000, 0x000000070d600000| Untracked 
| 108|0x000000070d800000, 0x000000070d800000, 0x000000070da00000|  0%| F|  |TAMS 0x000000070d800000, 0x000000070d800000| Untracked 
| 109|0x000000070da00000, 0x000000070da00000, 0x000000070dc00000|  0%| F|  |TAMS 0x000000070da00000, 0x000000070da00000| Untracked 
| 110|0x000000070dc00000, 0x000000070dc00000, 0x000000070de00000|  0%| F|  |TAMS 0x000000070dc00000, 0x000000070dc00000| Untracked 
| 111|0x000000070de00000, 0x000000070de00000, 0x000000070e000000|  0%| F|  |TAMS 0x000000070de00000, 0x000000070de00000| Untracked 
| 112|0x000000070e000000, 0x000000070e000000, 0x000000070e200000|  0%| F|  |TAMS 0x000000070e000000, 0x000000070e000000| Untracked 
| 113|0x000000070e200000, 0x000000070e200000, 0x000000070e400000|  0%| F|  |TAMS 0x000000070e200000, 0x000000070e200000| Untracked 
| 114|0x000000070e400000, 0x000000070e400000, 0x000000070e600000|  0%| F|  |TAMS 0x000000070e400000, 0x000000070e400000| Untracked 
| 115|0x000000070e600000, 0x000000070e600000, 0x000000070e800000|  0%| F|  |TAMS 0x000000070e600000, 0x000000070e600000| Untracked 
| 116|0x000000070e800000, 0x000000070e800000, 0x000000070ea00000|  0%| F|  |TAMS 0x000000070e800000, 0x000000070e800000| Untracked 
| 117|0x000000070ea00000, 0x000000070ea00000, 0x000000070ec00000|  0%| F|  |TAMS 0x000000070ea00000, 0x000000070ea00000| Untracked 
| 118|0x000000070ec00000, 0x000000070ec00000, 0x000000070ee00000|  0%| F|  |TAMS 0x000000070ec00000, 0x000000070ec00000| Untracked 
| 119|0x000000070ee00000, 0x000000070ee00000, 0x000000070f000000|  0%| F|  |TAMS 0x000000070ee00000, 0x000000070ee00000| Untracked 
| 120|0x000000070f000000, 0x000000070f000000, 0x000000070f200000|  0%| F|  |TAMS 0x000000070f000000, 0x000000070f000000| Untracked 
| 121|0x000000070f200000, 0x000000070f200000, 0x000000070f400000|  0%| F|  |TAMS 0x000000070f200000, 0x000000070f200000| Untracked 
| 122|0x000000070f400000, 0x000000070f400000, 0x000000070f600000|  0%| F|  |TAMS 0x000000070f400000, 0x000000070f400000| Untracked 
| 123|0x000000070f600000, 0x000000070f600000, 0x000000070f800000|  0%| F|  |TAMS 0x000000070f600000, 0x000000070f600000| Untracked 
| 124|0x000000070f800000, 0x000000070f8d23c8, 0x000000070fa00000| 41%| E|  |TAMS 0x000000070f800000, 0x000000070f800000| Complete 
| 125|0x000000070fa00000, 0x000000070fc00000, 0x000000070fc00000|100%| E|CS|TAMS 0x000000070fa00000, 0x000000070fa00000| Complete 
| 126|0x000000070fc00000, 0x000000070fe00000, 0x000000070fe00000|100%| E|CS|TAMS 0x000000070fc00000, 0x000000070fc00000| Complete 
| 127|0x000000070fe00000, 0x0000000710000000, 0x0000000710000000|100%| E|CS|TAMS 0x000000070fe00000, 0x000000070fe00000| Complete 
|2046|0x00000007ffc00000, 0x00000007ffd78000, 0x00000007ffe00000| 73%|OA|  |TAMS 0x00000007ffc00000, 0x00000007ffc00000| Untracked 
|2047|0x00000007ffe00000, 0x00000007ffe80000, 0x0000000800000000| 25%|CA|  |TAMS 0x00000007ffe00000, 0x00000007ffe00000| Untracked 

Card table byte_map: [0x000000010e880000,0x000000010f080000] _byte_map_base: 0x000000010b080000

Marking Bits (Prev, Next): (CMBitMap*) 0x000000012a03d210, (CMBitMap*) 0x000000012a03d250
 Prev Bits: [0x000000010f880000, 0x0000000113880000)
 Next Bits: [0x0000000113880000, 0x0000000117880000)

Polling page: 0x0000000104b78000

Metaspace:

Usage:
  Non-class:     15.04 MB used.
      Class:      2.50 MB used.
       Both:     17.55 MB used.

Virtual space:
  Non-class space:       16.00 MB reserved,      15.19 MB ( 95%) committed,  2 nodes.
      Class space:        1.00 GB reserved,       2.62 MB ( <1%) committed,  1 nodes.
             Both:        1.02 GB reserved,      17.81 MB (  2%) committed. 

Chunk freelists:
   Non-Class:  112.00 KB
       Class:  1.36 MB
        Both:  1.47 MB

MaxMetaspaceSize: unlimited
CompressedClassSpaceSize: 1.00 GB
Initial GC threshold: 21.00 MB
Current GC threshold: 21.00 MB
CDS: on
MetaspaceReclaimPolicy: balanced
 - commit_granule_bytes: 65536.
 - commit_granule_words: 8192.
 - virtual_space_node_default_size: 1048576.
 - enlarge_chunks_in_place: 1.
 - new_chunks_are_fully_committed: 0.
 - uncommit_free_chunks: 1.
 - use_allocation_guard: 0.
 - handle_deallocations: 1.


Internal statistics:

num_allocs_failed_limit: 0.
num_arena_births: 240.
num_arena_deaths: 0.
num_vsnodes_births: 3.
num_vsnodes_deaths: 0.
num_space_committed: 285.
num_space_uncommitted: 0.
num_chunks_returned_to_freelist: 0.
num_chunks_taken_from_freelist: 834.
num_chunk_merges: 0.
num_chunk_splits: 576.
num_chunks_enlarged: 440.
num_purges: 0.
num_inconsistent_stats: 0.

CodeHeap 'non-profiled nmethods': size=120032Kb used=2528Kb max_used=2528Kb free=117503Kb
 bounds [0x000000013fac8000, 0x000000013fd48000, 0x0000000147000000]
CodeHeap 'profiled nmethods': size=120016Kb used=9681Kb max_used=9681Kb free=110335Kb
 bounds [0x0000000138594000, 0x0000000138f14000, 0x000000013fac8000]
CodeHeap 'non-nmethods': size=5712Kb used=1402Kb max_used=1545Kb free=4309Kb
 bounds [0x0000000138000000, 0x0000000138270000, 0x0000000138594000]
 total_blobs=5238 nmethods=4438 adapters=716
 compilation: enabled
              stopped_count=0, restarted_count=0
 full_count=0

Compilation events (20 events):
Event: 16.844 Thread 0x000000011b00ae00 4545       4       com.sun.javafx.event.BasicEventDispatcher::dispatchEvent (44 bytes)
Event: 16.847 Thread 0x000000011b00ae00 nmethod 4545 0x000000013fd3c610 code [0x000000013fd3c800, 0x000000013fd3cb20]
Event: 16.848 Thread 0x000000011b00ae00 4546       4       com.sun.javafx.event.EventHandlerManager::dispatchCapturingEvent (23 bytes)
Event: 16.862 Thread 0x000000011b00ae00 nmethod 4546 0x000000013fd3ce10 code [0x000000013fd3d100, 0x000000013fd3dae0]
Event: 16.941 Thread 0x000000011b00ae00 4547       4       com.sun.javafx.event.CompositeEventDispatcher::dispatchCapturingEvent (35 bytes)
Event: 16.944 Thread 0x000000011b00ae00 nmethod 4547 0x000000013fd3e410 code [0x000000013fd3e5c0, 0x000000013fd3e720]
Event: 16.956 Thread 0x000000011b00ae00 4548       4       com.sun.prism.impl.VertexBuffer::flush (32 bytes)
Event: 16.959 Thread 0x000000011b00ae00 nmethod 4548 0x000000013fd3e890 code [0x000000013fd3ea80, 0x000000013fd3edd0]
Event: 17.340 Thread 0x000000011b00ae00 4550  s!   4       com.sun.javafx.tk.Toolkit::getToolkit (244 bytes)
Event: 17.341 Thread 0x000000011b00ae00 nmethod 4550 0x000000013fd3f110 code [0x000000013fd3f2c0, 0x000000013fd3f4c0]
Event: 17.351 Thread 0x000000012a110600 4551       3       javafx.scene.CssStyleHelper::findFirstStyleableAncestor (50 bytes)
Event: 17.351 Thread 0x000000012a110600 nmethod 4551 0x0000000138f06a10 code [0x0000000138f06c40, 0x0000000138f07388]
Event: 17.355 Thread 0x000000011b00ae00 4552       4       javafx.beans.binding.ObjectExpression::getValue (5 bytes)
Event: 17.355 Thread 0x000000011b00ae00 nmethod 4552 0x000000013fd3f590 code [0x000000013fd3f740, 0x000000013fd3f830]
Event: 17.359 Thread 0x000000012a110600 4553       3       javafx.scene.control.Labeled::fontProperty (27 bytes)
Event: 17.359 Thread 0x000000011b00ae00 4554       4       java.util.HashMap::containsKey (14 bytes)
Event: 17.360 Thread 0x000000012a110600 nmethod 4553 0x0000000138f07510 code [0x0000000138f07700, 0x0000000138f07b48]
Event: 17.360 Thread 0x000000012a110600 4555       3       javafx.scene.control.Labeled::isMnemonicParsing (19 bytes)
Event: 17.360 Thread 0x000000012a110600 nmethod 4555 0x0000000138f07d10 code [0x0000000138f07ec0, 0x0000000138f08298]
Event: 17.364 Thread 0x000000011b00ae00 nmethod 4554 0x000000013fd3f910 code [0x000000013fd3fb00, 0x000000013fd3ffb0]

GC Heap History (4 events):
Event: 0.372 GC heap before
{Heap before GC invocations=0 (full 0):
 garbage-first heap   total 266240K, used 24544K [0x0000000700000000, 0x0000000800000000)
  region size 2048K, 11 young (22528K), 0 survivors (0K)
 Metaspace       used 5452K, committed 5632K, reserved 1056768K
  class space    used 689K, committed 768K, reserved 1048576K
}
Event: 0.374 GC heap after
{Heap after GC invocations=1 (full 0):
 garbage-first heap   total 266240K, used 4814K [0x0000000700000000, 0x0000000800000000)
  region size 2048K, 2 young (4096K), 2 survivors (4096K)
 Metaspace       used 5452K, committed 5632K, reserved 1056768K
  class space    used 689K, committed 768K, reserved 1048576K
}
Event: 10.257 GC heap before
{Heap before GC invocations=1 (full 0):
 garbage-first heap   total 266240K, used 68302K [0x0000000700000000, 0x0000000800000000)
  region size 2048K, 31 young (63488K), 2 survivors (4096K)
 Metaspace       used 17557K, committed 17792K, reserved 1064960K
  class space    used 2498K, committed 2624K, reserved 1048576K
}
Event: 10.266 GC heap after
{Heap after GC invocations=2 (full 0):
 garbage-first heap   total 266240K, used 13873K [0x0000000700000000, 0x0000000800000000)
  region size 2048K, 4 young (8192K), 4 survivors (8192K)
 Metaspace       used 17557K, committed 17792K, reserved 1064960K
  class space    used 2498K, committed 2624K, reserved 1048576K
}

Deoptimization events (20 events):
Event: 13.685 Thread 0x000000012a20fa00 Uncommon trap: trap_request=0xffffffbe fr.pc=0x000000013fce34c8 relative=0x0000000000000c48
Event: 13.685 Thread 0x000000012a20fa00 Uncommon trap: reason=profile_predicate action=maybe_recompile pc=0x000000013fce34c8 method=com.sun.javafx.sg.prism.NGNode.markCullRegions(Lcom/sun/javafx/geom/DirtyRegionContainer;ILcom/sun/javafx/geom/transform/BaseTransform;Lcom/sun/javafx/geom/transfo
Event: 13.685 Thread 0x000000012a20fa00 DEOPT PACKING pc=0x000000013fce34c8 sp=0x000000016e2ae0e0
Event: 13.685 Thread 0x000000012a20fa00 DEOPT UNPACKING pc=0x000000013803ed1c sp=0x000000016e2adf50 mode 2
Event: 13.685 Thread 0x000000012a20fa00 Uncommon trap: trap_request=0xffffff45 fr.pc=0x000000013fc17b80 relative=0x00000000000006c0
Event: 13.685 Thread 0x000000012a20fa00 Uncommon trap: reason=unstable_if action=reinterpret pc=0x000000013fc17b80 method=com.sun.javafx.sg.prism.NGNode.computeNodeRenderRoot(Lcom/sun/javafx/sg/prism/NodePath;Lcom/sun/javafx/geom/RectBounds;ILcom/sun/javafx/geom/transform/BaseTransform;Lcom/sun
Event: 13.685 Thread 0x000000012a20fa00 DEOPT PACKING pc=0x000000013fc17b80 sp=0x000000016e2adcb0
Event: 13.685 Thread 0x000000012a20fa00 DEOPT UNPACKING pc=0x000000013803ed1c sp=0x000000016e2adc20 mode 2
Event: 14.480 Thread 0x000000011b809800 Uncommon trap: trap_request=0xffffff45 fr.pc=0x000000013fb9ee00 relative=0x0000000000000680
Event: 14.480 Thread 0x000000011b809800 Uncommon trap: reason=unstable_if action=reinterpret pc=0x000000013fb9ee00 method=com.sun.javafx.css.StyleManager$CacheContainer.getStyleMap(I)Lcom/sun/javafx/css/StyleMap; @ 22 c2
Event: 14.480 Thread 0x000000011b809800 DEOPT PACKING pc=0x000000013fb9ee00 sp=0x000000016b405870
Event: 14.480 Thread 0x000000011b809800 DEOPT UNPACKING pc=0x000000013803ed1c sp=0x000000016b405700 mode 2
Event: 14.480 Thread 0x000000011b809800 Uncommon trap: trap_request=0xffffff45 fr.pc=0x000000013fb9cb50 relative=0x0000000000000250
Event: 14.480 Thread 0x000000011b809800 Uncommon trap: reason=unstable_if action=reinterpret pc=0x000000013fb9cb50 method=com.sun.javafx.css.StyleManager$CacheContainer.getStyleMap(I)Lcom/sun/javafx/css/StyleMap; @ 22 c2
Event: 14.481 Thread 0x000000011b809800 DEOPT PACKING pc=0x000000013fb9cb50 sp=0x000000016b405640
Event: 14.481 Thread 0x000000011b809800 DEOPT UNPACKING pc=0x000000013803ed1c sp=0x000000016b4055d0 mode 2
Event: 14.501 Thread 0x000000012a20fa00 Uncommon trap: trap_request=0xffffffbe fr.pc=0x000000013fce34c8 relative=0x0000000000000c48
Event: 14.501 Thread 0x000000012a20fa00 Uncommon trap: reason=profile_predicate action=maybe_recompile pc=0x000000013fce34c8 method=com.sun.javafx.sg.prism.NGNode.markCullRegions(Lcom/sun/javafx/geom/DirtyRegionContainer;ILcom/sun/javafx/geom/transform/BaseTransform;Lcom/sun/javafx/geom/transfo
Event: 14.501 Thread 0x000000012a20fa00 DEOPT PACKING pc=0x000000013fce34c8 sp=0x000000016e2ae0e0
Event: 14.501 Thread 0x000000012a20fa00 DEOPT UNPACKING pc=0x000000013803ed1c sp=0x000000016e2adf50 mode 2

Classes unloaded (0 events):
No events

Classes redefined (0 events):
No events

Internal exceptions (20 events):
Event: 0.550 Thread 0x000000011b809800 Exception <a 'java/lang/NoSuchMethodError'{0x000000070e577698}: 'java.lang.Object java.lang.invoke.DirectMethodHandle$Holder.invokeInterface(java.lang.Object, java.lang.Object, java.lang.Object)'> (0x000000070e577698) 
thrown [src/hotspot/share/interpreter/linkResolver.cpp, line 766]
Event: 0.550 Thread 0x000000011b809800 Exception <a 'java/lang/IncompatibleClassChangeError'{0x000000070e57ad60}: Found class java.lang.Object, but interface was expected> (0x000000070e57ad60) 
thrown [src/hotspot/share/interpreter/linkResolver.cpp, line 833]
Event: 0.654 Thread 0x000000011b809800 Exception <a 'java/lang/ClassNotFoundException'{0x000000070dcae3a8}: com/sun/javafx/scene/control/skin/resources/controls> (0x000000070dcae3a8) 
thrown [src/hotspot/share/prims/jni.cpp, line 535]
Event: 0.654 Thread 0x000000011b809800 Exception <a 'java/lang/ClassNotFoundException'{0x000000070dcbca10}: com/sun/javafx/scene/control/skin/resources/controls_de> (0x000000070dcbca10) 
thrown [src/hotspot/share/prims/jni.cpp, line 535]
Event: 0.655 Thread 0x000000011b809800 Exception <a 'java/lang/ClassNotFoundException'{0x000000070dcca9a0}: com/sun/javafx/scene/control/skin/resources/controls_de_DE> (0x000000070dcca9a0) 
thrown [src/hotspot/share/prims/jni.cpp, line 535]
Event: 0.745 Thread 0x000000011b809800 Exception <a 'java/lang/NoSuchMethodError'{0x000000070d77b678}: 'java.lang.Object java.lang.invoke.DirectMethodHandle$Holder.newInvokeSpecial(java.lang.Object, java.lang.Object, int)'> (0x000000070d77b678) 
thrown [src/hotspot/share/interpreter/linkResolver.cpp, line 766]
Event: 0.773 Thread 0x000000011b809800 Exception <a 'java/lang/NoSuchMethodError'{0x000000070d797d60}: 'long java.lang.invoke.DirectMethodHandle$Holder.invokeStatic(java.lang.Object, java.lang.Object, java.lang.Object)'> (0x000000070d797d60) 
thrown [src/hotspot/share/interpreter/linkResolver.cpp, line 766]
Event: 0.773 Thread 0x000000011b809800 Exception <a 'java/lang/NoSuchMethodError'{0x000000070d79b508}: 'long java.lang.invoke.DirectMethodHandle$Holder.invokeStaticInit(java.lang.Object, java.lang.Object, java.lang.Object)'> (0x000000070d79b508) 
thrown [src/hotspot/share/interpreter/linkResolver.cpp, line 766]
Event: 0.774 Thread 0x000000011b809800 Exception <a 'java/lang/NoSuchMethodError'{0x000000070d7b3110}: 'java.lang.Object java.lang.invoke.DirectMethodHandle$Holder.newInvokeSpecial(java.lang.Object, java.lang.Object, long)'> (0x000000070d7b3110) 
thrown [src/hotspot/share/interpreter/linkResolver.cpp, line 766]
Event: 0.774 Thread 0x000000011b809800 Exception <a 'java/lang/NoSuchMethodError'{0x000000070d7b69d8}: 'java.lang.Object java.lang.invoke.Invokers$Holder.linkToTargetMethod(java.lang.Object, long, java.lang.Object)'> (0x000000070d7b69d8) 
thrown [src/hotspot/share/interpreter/linkResolver.cpp, line 766]
Event: 0.837 Thread 0x000000012a20fa00 Exception <a 'java/lang/NoSuchMethodError'{0x000000070d165f98}: 'java.lang.Object java.lang.invoke.DirectMethodHandle$Holder.invokeStaticInit(java.lang.Object, int)'> (0x000000070d165f98) 
thrown [src/hotspot/share/interpreter/linkResolver.cpp, line 766]
Event: 1.984 Thread 0x000000011b809800 Exception <a 'java/lang/NoSuchMethodError'{0x000000070d5cc578}: 'java.lang.Object java.lang.invoke.DirectMethodHandle$Holder.newInvokeSpecial(java.lang.Object, java.lang.Object, int, java.lang.Object, double, double, double, double, double, double, int, int, int, int, int, int, int, int)'> (0x000000070d5cc578) 
thrown [src/hotspot/share/interpreter/linkResolver.cpp, line 766]
Event: 3.438 Thread 0x000000011b809800 Exception <a 'java/lang/NoSuchMethodError'{0x000000070cb4dc50}: 'java.lang.Object java.lang.invoke.DirectMethodHandle$Holder.newInvokeSpecial(java.lang.Object, java.lang.Object, int, int, int, int, int, java.lang.Object)'> (0x000000070cb4dc50) 
thrown [src/hotspot/share/interpreter/linkResolver.cpp, line 766]
Event: 3.439 Thread 0x000000011b809800 Exception <a 'java/lang/NoSuchMethodError'{0x000000070cb60c30}: 'java.lang.Object java.lang.invoke.DirectMethodHandle$Holder.newInvokeSpecial(java.lang.Object, java.lang.Object, java.lang.Object, int, int, int, int, int)'> (0x000000070cb60c30) 
thrown [src/hotspot/share/interpreter/linkResolver.cpp, line 766]
Event: 3.440 Thread 0x000000011b809800 Exception <a 'java/lang/NoSuchMethodError'{0x000000070cb68490}: 'java.lang.Object java.lang.invoke.Invokers$Holder.linkToTargetMethod(java.lang.Object, java.lang.Object, int, int, int, int, int, java.lang.Object)'> (0x000000070cb68490) 
thrown [src/hotspot/share/interpreter/linkResolver.cpp, line 766]
Event: 9.805 Thread 0x000000012a20fa00 Implicit null exception at 0x000000013fc8ffd4 to 0x000000013fc90060
Event: 13.090 Thread 0x000000011b809800 Implicit null exception at 0x000000013fc82698 to 0x000000013fc830fc
Event: 13.104 Thread 0x000000012a20fa00 Implicit null exception at 0x000000013fca01d0 to 0x000000013fca16e0
Event: 13.113 Thread 0x000000012a20fa00 Implicit null exception at 0x000000013fc32864 to 0x000000013fc34fa8
Event: 13.668 Thread 0x000000011b809800 Implicit null exception at 0x000000013fbaf19c to 0x000000013fbb2570

VM Operations (20 events):
Event: 12.274 Executing VM operation: Cleanup
Event: 12.274 Executing VM operation: Cleanup done
Event: 13.071 Executing VM operation: HandshakeAllThreads
Event: 13.071 Executing VM operation: HandshakeAllThreads done
Event: 13.082 Executing VM operation: HandshakeAllThreads
Event: 13.082 Executing VM operation: HandshakeAllThreads done
Event: 13.100 Executing VM operation: HandshakeAllThreads
Event: 13.100 Executing VM operation: HandshakeAllThreads done
Event: 13.101 Executing VM operation: ICBufferFull
Event: 13.101 Executing VM operation: ICBufferFull done
Event: 13.102 Executing VM operation: HandshakeAllThreads
Event: 13.102 Executing VM operation: HandshakeAllThreads done
Event: 14.107 Executing VM operation: Cleanup
Event: 14.107 Executing VM operation: Cleanup done
Event: 15.112 Executing VM operation: Cleanup
Event: 15.112 Executing VM operation: Cleanup done
Event: 16.117 Executing VM operation: Cleanup
Event: 16.117 Executing VM operation: Cleanup done
Event: 17.118 Executing VM operation: Cleanup
Event: 17.118 Executing VM operation: Cleanup done

Events (20 events):
Event: 8.668 loading class sun/util/resources/BreakIteratorResourceBundle done
Event: 8.668 loading class sun/text/resources/BreakIteratorResources done
Event: 8.670 loading class sun/text/RuleBasedBreakIterator
Event: 8.670 loading class sun/text/RuleBasedBreakIterator done
Event: 8.671 loading class sun/text/CompactByteArray
Event: 8.672 loading class sun/text/CompactByteArray done
Event: 8.672 loading class sun/text/SupplementaryCharacterData
Event: 8.672 loading class sun/text/SupplementaryCharacterData done
Event: 8.672 loading class java/text/BreakIterator$BreakIteratorCache
Event: 8.672 loading class java/text/BreakIterator$BreakIteratorCache done
Event: 8.685 Protecting memory [0x000000016d670000,0x000000016d67c000] with protection modes 0
Event: 8.685 Thread 0x000000011f0ff400 Thread added: 0x000000011f0ff400
Event: 13.082 Thread 0x000000011e985a00 Thread added: 0x000000011e985a00
Event: 13.082 Protecting memory [0x000000016f9c8000,0x000000016f9d4000] with protection modes 0
Event: 13.101 Thread 0x000000012d097400 Thread added: 0x000000012d097400
Event: 13.101 Protecting memory [0x000000016fbd4000,0x000000016fbe0000] with protection modes 0
Event: 13.235 Protecting memory [0x000000016fbd4000,0x000000016fbe0000] with protection modes 3
Event: 13.235 Protecting memory [0x000000016f9c8000,0x000000016f9d4000] with protection modes 3
Event: 13.235 Thread 0x000000012d097400 Thread exited: 0x000000012d097400
Event: 13.235 Thread 0x000000011e985a00 Thread exited: 0x000000011e985a00


Dynamic libraries:
0x0000000104b28000 	/Library/Java/JavaVirtualMachines/zulu-17.jdk/Contents/Home/lib/libjli.dylib
0x0000000191a4a000 	/usr/lib/libz.1.dylib
0x0000000191afa000 	/usr/lib/libSystem.B.dylib
0x0000000191af4000 	/usr/lib/system/libcache.dylib
0x0000000191ab2000 	/usr/lib/system/libcommonCrypto.dylib
0x0000000191adb000 	/usr/lib/system/libcompiler_rt.dylib
0x0000000191ad2000 	/usr/lib/system/libcopyfile.dylib
0x0000000186dfe000 	/usr/lib/system/libcorecrypto.dylib
0x0000000186ea3000 	/usr/lib/system/libdispatch.dylib
0x000000018706b000 	/usr/lib/system/libdyld.dylib
0x0000000191aea000 	/usr/lib/system/libkeymgr.dylib
0x0000000191a94000 	/usr/lib/system/libmacho.dylib
0x00000001911a0000 	/usr/lib/system/libquarantine.dylib
0x0000000191ae7000 	/usr/lib/system/libremovefile.dylib
0x000000018c1ed000 	/usr/lib/system/libsystem_asl.dylib
0x0000000186da8000 	/usr/lib/system/libsystem_blocks.dylib
0x0000000186f29000 	/usr/lib/system/libsystem_c.dylib
0x0000000191adf000 	/usr/lib/system/libsystem_collections.dylib
0x00000001905fd000 	/usr/lib/system/libsystem_configuration.dylib
0x000000018f883000 	/usr/lib/system/libsystem_containermanager.dylib
0x00000001917fe000 	/usr/lib/system/libsystem_coreservices.dylib
0x0000000189790000 	/usr/lib/system/libsystem_darwin.dylib
0x0000000191aeb000 	/usr/lib/system/libsystem_dnssd.dylib
0x0000000186f26000 	/usr/lib/system/libsystem_featureflags.dylib
0x0000000187080000 	/usr/lib/system/libsystem_info.dylib
0x0000000191a5c000 	/usr/lib/system/libsystem_m.dylib
0x0000000186e78000 	/usr/lib/system/libsystem_malloc.dylib
0x000000018c17e000 	/usr/lib/system/libsystem_networkextension.dylib
0x0000000189be3000 	/usr/lib/system/libsystem_notify.dylib
0x0000000197cc7000 	/usr/lib/system/libsystem_product_info_filter.dylib
0x0000000190602000 	/usr/lib/system/libsystem_sandbox.dylib
0x0000000191ae4000 	/usr/lib/system/libsystem_secinit.dylib
0x0000000187028000 	/usr/lib/system/libsystem_kernel.dylib
0x0000000187078000 	/usr/lib/system/libsystem_platform.dylib
0x000000018705e000 	/usr/lib/system/libsystem_pthread.dylib
0x000000018d923000 	/usr/lib/system/libsystem_symptoms.dylib
0x0000000186de4000 	/usr/lib/system/libsystem_trace.dylib
0x0000000191abf000 	/usr/lib/system/libunwind.dylib
0x0000000186daa000 	/usr/lib/system/libxpc.dylib
0x000000018700e000 	/usr/lib/libc++abi.dylib
0x0000000186eea000 	/usr/lib/libobjc.A.dylib
0x0000000191aca000 	/usr/lib/liboah.dylib
0x0000000186faa000 	/usr/lib/libc++.1.dylib
0x000000019d6a4000 	/System/Library/Frameworks/Cocoa.framework/Versions/A/Cocoa
0x0000000189c42000 	/System/Library/Frameworks/AppKit.framework/Versions/C/AppKit
0x000000018d164000 	/System/Library/Frameworks/CoreData.framework/Versions/A/CoreData
0x0000000187fa3000 	/System/Library/Frameworks/Foundation.framework/Versions/C/Foundation
0x000000018aaf4000 	/System/Library/PrivateFrameworks/UIFoundation.framework/Versions/A/UIFoundation
0x00000001979c1000 	/System/Library/PrivateFrameworks/RemoteViewServices.framework/Versions/A/RemoteViewServices
0x000000018ffbc000 	/System/Library/PrivateFrameworks/XCTTargetBootstrap.framework/Versions/A/XCTTargetBootstrap
0x00000001937fc000 	/System/Library/PrivateFrameworks/InternationalSupport.framework/Versions/A/InternationalSupport
0x0000000193885000 	/System/Library/PrivateFrameworks/UserActivity.framework/Versions/A/UserActivity
0x0000000192d27000 	/usr/lib/libspindump.dylib
0x000000018ad64000 	/System/Library/Frameworks/UniformTypeIdentifiers.framework/Versions/A/UniformTypeIdentifiers
0x000000018e54a000 	/usr/lib/libapp_launch_measurement.dylib
0x000000018dac7000 	/System/Library/PrivateFrameworks/CoreAnalytics.framework/Versions/A/CoreAnalytics
0x000000018e54d000 	/System/Library/PrivateFrameworks/CoreAutoLayout.framework/Versions/A/CoreAutoLayout
0x000000018f8c0000 	/System/Library/Frameworks/Metal.framework/Versions/A/Metal
0x000000019060d000 	/usr/lib/liblangid.dylib
0x000000018ffc0000 	/System/Library/PrivateFrameworks/CoreSVG.framework/Versions/A/CoreSVG
0x000000018c221000 	/System/Library/PrivateFrameworks/SkyLight.framework/Versions/A/SkyLight
0x000000018c5e9000 	/System/Library/Frameworks/CoreGraphics.framework/Versions/A/CoreGraphics
0x000000019803a000 	/System/Library/Frameworks/Accelerate.framework/Versions/A/Accelerate
0x000000019279c000 	/System/Library/PrivateFrameworks/IconServices.framework/Versions/A/IconServices
0x000000018f8a2000 	/System/Library/Frameworks/IOSurface.framework/Versions/A/IOSurface
0x000000018daf7000 	/usr/lib/libDiagnosticMessagesClient.dylib
0x000000019b472000 	/System/Library/Frameworks/ApplicationServices.framework/Versions/A/ApplicationServices
0x000000018ffa4000 	/System/Library/PrivateFrameworks/DFRFoundation.framework/Versions/A/DFRFoundation
0x00000001894e5000 	/usr/lib/libicucore.A.dylib
0x00000001945f9000 	/System/Library/Frameworks/AudioToolbox.framework/Versions/A/AudioToolbox
0x0000000193808000 	/System/Library/PrivateFrameworks/DataDetectorsCore.framework/Versions/A/DataDetectorsCore
0x00000001a9824000 	/System/Library/PrivateFrameworks/TextInput.framework/Versions/A/TextInput
0x000000018c198000 	/usr/lib/libMobileGestalt.dylib
0x000000018fc74000 	/System/Library/Frameworks/Carbon.framework/Versions/A/Frameworks/HIToolbox.framework/Versions/A/HIToolbox
0x000000018df54000 	/System/Library/Frameworks/QuartzCore.framework/Versions/A/QuartzCore
0x0000000189162000 	/System/Library/Frameworks/Security.framework/Versions/A/Security
0x0000000197a01000 	/System/Library/Frameworks/Carbon.framework/Versions/A/Frameworks/SpeechRecognition.framework/Versions/A/SpeechRecognition
0x000000018e2a1000 	/System/Library/PrivateFrameworks/CoreUI.framework/Versions/A/CoreUI
0x0000000188a35000 	/System/Library/Frameworks/CoreAudio.framework/Versions/A/CoreAudio
0x000000018dbe7000 	/System/Library/Frameworks/DiskArbitration.framework/Versions/A/DiskArbitration
0x000000019310f000 	/System/Library/PrivateFrameworks/MultitouchSupport.framework/Versions/A/MultitouchSupport
0x000000018c196000 	/usr/lib/libenergytrace.dylib
0x0000000189b0e000 	/System/Library/Frameworks/IOKit.framework/Versions/A/IOKit
0x0000000197de8000 	/System/Library/Frameworks/CoreServices.framework/Versions/A/CoreServices
0x000000018e4da000 	/System/Library/PrivateFrameworks/PerformanceAnalysis.framework/Versions/A/PerformanceAnalysis
0x00000001e8049000 	/System/Library/Frameworks/OpenGL.framework/Versions/A/OpenGL
0x00000001910c0000 	/System/Library/PrivateFrameworks/MobileKeyBag.framework/Versions/A/MobileKeyBag
0x000000018cbf9000 	/System/Library/Frameworks/ColorSync.framework/Versions/A/ColorSync
0x00000001870ac000 	/System/Library/Frameworks/CoreFoundation.framework/Versions/A/CoreFoundation
0x0000000190241000 	/System/Library/Frameworks/CoreImage.framework/Versions/A/CoreImage
0x0000000188858000 	/System/Library/Frameworks/CoreText.framework/Versions/A/CoreText
0x000000018fff0000 	/System/Library/Frameworks/ImageIO.framework/Versions/A/ImageIO
0x0000000191b00000 	/System/Library/PrivateFrameworks/SoftLinking.framework/Versions/A/SoftLinking
0x000000018e597000 	/usr/lib/libxml2.2.dylib
0x0000000191d98000 	/usr/lib/libcompression.dylib
0x0000000193755000 	/System/Library/PrivateFrameworks/TextureIO.framework/Versions/A/TextureIO
0x00000001924b6000 	/usr/lib/libate.dylib
0x000000019237e000 	/usr/lib/liblzma.5.dylib
0x0000000187c94000 	/System/Library/Frameworks/SystemConfiguration.framework/Versions/A/SystemConfiguration
0x0000000191afc000 	/usr/lib/libfakelink.dylib
0x000000018bcc6000 	/System/Library/Frameworks/CFNetwork.framework/Versions/A/CFNetwork
0x0000000191c43000 	/usr/lib/libarchive.2.dylib
0x0000000190609000 	/System/Library/PrivateFrameworks/AppleSystemInfo.framework/Versions/A/AppleSystemInfo
0x00000001911ca000 	/usr/lib/libbsm.0.dylib
0x000000018b203000 	/usr/lib/libnetwork.dylib
0x0000000191a9a000 	/usr/lib/system/libkxld.dylib
0x0000000190de2000 	/System/Library/PrivateFrameworks/IOMobileFramebuffer.framework/Versions/A/IOMobileFramebuffer
0x0000000203974000 	/usr/lib/libCoreEntitlements.dylib
0x00000001917e0000 	/System/Library/PrivateFrameworks/AppleFSCompression.framework/Versions/A/AppleFSCompression
0x00000001911b3000 	/usr/lib/libcoretls.dylib
0x0000000192397000 	/usr/lib/libcoretls_cfhelpers.dylib
0x0000000191d93000 	/usr/lib/libpam.2.dylib
0x000000018d54b000 	/usr/lib/libsqlite3.dylib
0x00000001923ff000 	/usr/lib/libxar.1.dylib
0x00000001917f1000 	/usr/lib/libbz2.1.0.dylib
0x0000000191b01000 	/usr/lib/libpcap.A.dylib
0x000000018d91a000 	/usr/lib/libdns_services.dylib
0x0000000191d66000 	/usr/lib/libapple_nghttp2.dylib
0x0000000191b3e000 	/usr/lib/libiconv.2.dylib
0x0000000191a93000 	/usr/lib/libcharset.1.dylib
0x000000018e516000 	/System/Library/Frameworks/CoreServices.framework/Versions/A/Frameworks/FSEvents.framework/Versions/A/FSEvents
0x000000018979b000 	/System/Library/Frameworks/CoreServices.framework/Versions/A/Frameworks/CarbonCore.framework/Versions/A/CarbonCore
0x000000018db4a000 	/System/Library/Frameworks/CoreServices.framework/Versions/A/Frameworks/Metadata.framework/Versions/A/Metadata
0x0000000191804000 	/System/Library/Frameworks/CoreServices.framework/Versions/A/Frameworks/OSServices.framework/Versions/A/OSServices
0x0000000191cc8000 	/System/Library/Frameworks/CoreServices.framework/Versions/A/Frameworks/SearchKit.framework/Versions/A/SearchKit
0x000000018d8a8000 	/System/Library/Frameworks/CoreServices.framework/Versions/A/Frameworks/AE.framework/Versions/A/AE
0x00000001875f0000 	/System/Library/Frameworks/CoreServices.framework/Versions/A/Frameworks/LaunchServices.framework/Versions/A/LaunchServices
0x0000000192327000 	/System/Library/Frameworks/CoreServices.framework/Versions/A/Frameworks/DictionaryServices.framework/Versions/A/DictionaryServices
0x000000018e523000 	/System/Library/Frameworks/CoreServices.framework/Versions/A/Frameworks/SharedFileList.framework/Versions/A/SharedFileList
0x00000001911a3000 	/usr/lib/libCheckFix.dylib
0x000000018c205000 	/System/Library/PrivateFrameworks/TCC.framework/Versions/A/TCC
0x000000019060f000 	/System/Library/PrivateFrameworks/CoreNLP.framework/Versions/A/CoreNLP
0x000000018dafa000 	/System/Library/PrivateFrameworks/MetadataUtilities.framework/Versions/A/MetadataUtilities
0x0000000187d4d000 	/usr/lib/libmecabra.dylib
0x00000001911db000 	/usr/lib/libmecab.dylib
0x0000000187d19000 	/usr/lib/libCRFSuite.dylib
0x0000000191239000 	/usr/lib/libgermantok.dylib
0x0000000191d3f000 	/usr/lib/libThaiTokenizer.dylib
0x000000018dbef000 	/System/Library/Frameworks/Accelerate.framework/Versions/A/Frameworks/vImage.framework/Versions/A/vImage
0x0000000197dbf000 	/System/Library/Frameworks/Accelerate.framework/Versions/A/Frameworks/vecLib.framework/Versions/A/vecLib
0x0000000192443000 	/System/Library/Frameworks/Accelerate.framework/Versions/A/Frameworks/vecLib.framework/Versions/A/libvMisc.dylib
0x0000000190cec000 	/System/Library/Frameworks/Accelerate.framework/Versions/A/Frameworks/vecLib.framework/Versions/A/libvDSP.dylib
0x0000000187973000 	/System/Library/Frameworks/Accelerate.framework/Versions/A/Frameworks/vecLib.framework/Versions/A/libBLAS.dylib
0x0000000191e67000 	/System/Library/Frameworks/Accelerate.framework/Versions/A/Frameworks/vecLib.framework/Versions/A/libLAPACK.dylib
0x000000019123c000 	/System/Library/Frameworks/Accelerate.framework/Versions/A/Frameworks/vecLib.framework/Versions/A/libLinearAlgebra.dylib
0x0000000191d7e000 	/System/Library/Frameworks/Accelerate.framework/Versions/A/Frameworks/vecLib.framework/Versions/A/libSparseBLAS.dylib
0x0000000191e62000 	/System/Library/Frameworks/Accelerate.framework/Versions/A/Frameworks/vecLib.framework/Versions/A/libQuadrature.dylib
0x0000000190706000 	/System/Library/Frameworks/Accelerate.framework/Versions/A/Frameworks/vecLib.framework/Versions/A/libBNNS.dylib
0x0000000187c31000 	/System/Library/Frameworks/Accelerate.framework/Versions/A/Frameworks/vecLib.framework/Versions/A/libSparse.dylib
0x00000001906fe000 	/System/Library/PrivateFrameworks/LinguisticData.framework/Versions/A/LinguisticData
0x0000000187be7000 	/System/Library/PrivateFrameworks/Lexicon.framework/Versions/A/Lexicon
0x000000019243b000 	/usr/lib/libChineseTokenizer.dylib
0x0000000188391000 	/System/Library/PrivateFrameworks/LanguageModeling.framework/Versions/A/LanguageModeling
0x0000000191d41000 	/System/Library/PrivateFrameworks/AppleSauce.framework/Versions/A/AppleSauce
0x0000000190dcf000 	/System/Library/PrivateFrameworks/CoreEmoji.framework/Versions/A/CoreEmoji
0x0000000191c31000 	/usr/lib/libcmph.dylib
0x000000018e4f6000 	/System/Library/Frameworks/OpenDirectory.framework/Versions/A/Frameworks/CFOpenDirectory.framework/Versions/A/CFOpenDirectory
0x000000018e4e6000 	/System/Library/Frameworks/OpenDirectory.framework/Versions/A/OpenDirectory
0x0000000192399000 	/System/Library/PrivateFrameworks/APFS.framework/Versions/A/APFS
0x00000001910fb000 	/System/Library/Frameworks/SecurityFoundation.framework/Versions/A/SecurityFoundation
0x000000019240d000 	/usr/lib/libutil.dylib
0x0000000189ad0000 	/System/Library/PrivateFrameworks/CoreServicesStore.framework/Versions/A/CoreServicesStore
0x0000000192411000 	/usr/lib/libxslt.1.dylib
0x000000019118f000 	/System/Library/PrivateFrameworks/BackgroundTaskManagement.framework/Versions/A/BackgroundTaskManagement
0x0000000193676000 	/System/Library/Frameworks/ImageIO.framework/Versions/A/Resources/libRadiance.dylib
0x000000019367f000 	/System/Library/Frameworks/ImageIO.framework/Versions/A/Resources/libJPEG.dylib
0x00000001935d1000 	/System/Library/Frameworks/ImageIO.framework/Versions/A/Resources/libPng.dylib
0x00000001935f3000 	/System/Library/Frameworks/ImageIO.framework/Versions/A/Resources/libTIFF.dylib
0x00000001936da000 	/System/Library/Frameworks/ImageIO.framework/Versions/A/Resources/libGIF.dylib
0x000000019301f000 	/System/Library/Frameworks/ImageIO.framework/Versions/A/Resources/libJP2.dylib
0x0000000192762000 	/usr/lib/libexpat.1.dylib
0x0000000192fda000 	/System/Library/PrivateFrameworks/AppleJPEG.framework/Versions/A/AppleJPEG
0x000000018fb33000 	/System/Library/PrivateFrameworks/FontServices.framework/libFontParser.dylib
0x000000018d84d000 	/System/Library/PrivateFrameworks/RunningBoardServices.framework/Versions/A/RunningBoardServices
0x000000019dd0f000 	/System/Library/PrivateFrameworks/IOSurfaceAccelerator.framework/Versions/A/IOSurfaceAccelerator
0x000000019310b000 	/System/Library/PrivateFrameworks/WatchdogClient.framework/Versions/A/WatchdogClient
0x0000000188495000 	/System/Library/Frameworks/CoreDisplay.framework/Versions/A/CoreDisplay
0x000000018fa22000 	/System/Library/Frameworks/CoreMedia.framework/Versions/A/CoreMedia
0x000000018f8b6000 	/System/Library/PrivateFrameworks/IOAccelerator.framework/Versions/A/IOAccelerator
0x000000018e684000 	/System/Library/Frameworks/CoreVideo.framework/Versions/A/CoreVideo
0x0000000191d91000 	/System/Library/Frameworks/MetalPerformanceShaders.framework/Versions/A/MetalPerformanceShaders
0x0000000193148000 	/System/Library/Frameworks/VideoToolbox.framework/Versions/A/VideoToolbox
0x000000018d791000 	/System/Library/PrivateFrameworks/BaseBoard.framework/Versions/A/BaseBoard
0x000000018d530000 	/System/Library/PrivateFrameworks/ProtocolBuffer.framework/Versions/A/ProtocolBuffer
0x0000000193671000 	/System/Library/PrivateFrameworks/GPUWrangler.framework/Versions/A/GPUWrangler
0x0000000193650000 	/System/Library/PrivateFrameworks/IOPresentment.framework/Versions/A/IOPresentment
0x0000000193679000 	/System/Library/PrivateFrameworks/DSExternalDisplay.framework/Versions/A/DSExternalDisplay
0x00000001e803c000 	/System/Library/Frameworks/OpenGL.framework/Versions/A/Libraries/libCoreFSCache.dylib
0x00000001f1756000 	/System/Library/PrivateFrameworks/GPUCompiler.framework/Versions/31001/Libraries/libGPUCompilerUtils.dylib
0x00000001936df000 	/System/Library/PrivateFrameworks/CMCaptureCore.framework/Versions/A/CMCaptureCore
0x0000000192d15000 	/System/Library/PrivateFrameworks/AppServerSupport.framework/Versions/A/AppServerSupport
0x0000000194eb4000 	/System/Library/PrivateFrameworks/perfdata.framework/Versions/A/perfdata
0x00000001885b5000 	/System/Library/PrivateFrameworks/AudioToolboxCore.framework/Versions/A/AudioToolboxCore
0x000000018f9fa000 	/System/Library/PrivateFrameworks/caulk.framework/Versions/A/caulk
0x00000001947a9000 	/usr/lib/libAudioStatistics.dylib
0x00000001a5fc2000 	/System/Library/PrivateFrameworks/SystemPolicy.framework/Versions/A/SystemPolicy
0x0000000194a09000 	/usr/lib/libSMC.dylib
0x000000019d586000 	/System/Library/Frameworks/CoreMIDI.framework/Versions/A/CoreMIDI
0x000000019359f000 	/usr/lib/libAudioToolboxUtility.dylib
0x00000001a2468000 	/System/Library/PrivateFrameworks/OSAServicesClient.framework/Versions/A/OSAServicesClient
0x0000000194ec1000 	/usr/lib/libperfcheck.dylib
0x00000001a6ac5000 	/usr/lib/libmis.dylib
0x00000001e809d000 	/System/Library/Frameworks/OpenGL.framework/Versions/A/Libraries/libGLU.dylib
0x00000001e805c000 	/System/Library/Frameworks/OpenGL.framework/Versions/A/Libraries/libGFXShared.dylib
0x00000001e8246000 	/System/Library/Frameworks/OpenGL.framework/Versions/A/Libraries/libGL.dylib
0x00000001e8065000 	/System/Library/Frameworks/OpenGL.framework/Versions/A/Libraries/libGLImage.dylib
0x00000001e8059000 	/System/Library/Frameworks/OpenGL.framework/Versions/A/Libraries/libCVMSPluginSupport.dylib
0x00000001e8043000 	/System/Library/Frameworks/OpenGL.framework/Versions/A/Libraries/libCoreVMClient.dylib
0x000000019058b000 	/System/Library/Frameworks/MetalPerformanceShaders.framework/Versions/A/Frameworks/MPSCore.framework/Versions/A/MPSCore
0x0000000191753000 	/System/Library/Frameworks/MetalPerformanceShaders.framework/Versions/A/Frameworks/MPSImage.framework/Versions/A/MPSImage
0x0000000191251000 	/System/Library/Frameworks/MetalPerformanceShaders.framework/Versions/A/Frameworks/MPSNeuralNetwork.framework/Versions/A/MPSNeuralNetwork
0x000000019168e000 	/System/Library/Frameworks/MetalPerformanceShaders.framework/Versions/A/Frameworks/MPSMatrix.framework/Versions/A/MPSMatrix
0x0000000191469000 	/System/Library/Frameworks/MetalPerformanceShaders.framework/Versions/A/Frameworks/MPSRayIntersector.framework/Versions/A/MPSRayIntersector
0x00000001916bf000 	/System/Library/Frameworks/MetalPerformanceShaders.framework/Versions/A/Frameworks/MPSNDArray.framework/Versions/A/MPSNDArray
0x00000001e9d58000 	/System/Library/Frameworks/MetalPerformanceShaders.framework/Versions/A/Frameworks/MPSFunctions.framework/Versions/A/MPSFunctions
0x0000000187851000 	/System/Library/PrivateFrameworks/MetalTools.framework/Versions/A/MetalTools
0x0000000190607000 	/System/Library/PrivateFrameworks/AggregateDictionary.framework/Versions/A/AggregateDictionary
0x0000000192548000 	/usr/lib/libIOReport.dylib
0x000000019c574000 	/System/Library/PrivateFrameworks/ASEProcessing.framework/Versions/A/ASEProcessing
0x00000001928ba000 	/System/Library/PrivateFrameworks/FaceCore.framework/Versions/A/FaceCore
0x00000001928ac000 	/System/Library/PrivateFrameworks/GraphVisualizer.framework/Versions/A/GraphVisualizer
0x00000001f166d000 	/System/Library/PrivateFrameworks/FontServices.framework/Versions/A/FontServices
0x0000000192ccf000 	/System/Library/PrivateFrameworks/OTSVG.framework/Versions/A/OTSVG
0x000000018e252000 	/System/Library/Frameworks/ApplicationServices.framework/Versions/A/Frameworks/ATS.framework/Versions/A/Resources/libFontRegistry.dylib
0x0000000192d1e000 	/System/Library/PrivateFrameworks/FontServices.framework/libhvf.dylib
0x00000001f166e000 	/System/Library/PrivateFrameworks/FontServices.framework/libXTFontStaticRegistryData.dylib
0x00000001e83e8000 	/System/Library/Frameworks/OpenCL.framework/Versions/A/OpenCL
0x0000000192716000 	/System/Library/PrivateFrameworks/AppleVA.framework/Versions/A/AppleVA
0x00000001947d1000 	/System/Library/Frameworks/ApplicationServices.framework/Versions/A/Frameworks/ATS.framework/Versions/A/ATS
0x000000018ccf6000 	/System/Library/Frameworks/ApplicationServices.framework/Versions/A/Frameworks/HIServices.framework/Versions/A/HIServices
0x00000001936e9000 	/System/Library/Frameworks/ApplicationServices.framework/Versions/A/Frameworks/PrintCore.framework/Versions/A/PrintCore
0x0000000194b5c000 	/System/Library/Frameworks/ApplicationServices.framework/Versions/A/Frameworks/QD.framework/Versions/A/QD
0x0000000194b54000 	/System/Library/Frameworks/ApplicationServices.framework/Versions/A/Frameworks/ColorSyncLegacy.framework/Versions/A/ColorSyncLegacy
0x00000001947bd000 	/System/Library/Frameworks/ApplicationServices.framework/Versions/A/Frameworks/SpeechSynthesis.framework/Versions/A/SpeechSynthesis
0x00000001936aa000 	/System/Library/Frameworks/ApplicationServices.framework/Versions/A/Frameworks/ATSUI.framework/Versions/A/ATSUI
0x0000000194ae9000 	/usr/lib/libcups.2.dylib
0x0000000194ecf000 	/System/Library/Frameworks/Kerberos.framework/Versions/A/Kerberos
0x0000000194ee0000 	/System/Library/Frameworks/GSS.framework/Versions/A/GSS
0x0000000194840000 	/usr/lib/libresolv.9.dylib
0x0000000192d2c000 	/System/Library/PrivateFrameworks/Heimdal.framework/Versions/A/Heimdal
0x000000019b7e8000 	/System/Library/Frameworks/Kerberos.framework/Versions/A/Libraries/libHeimdalProxy.dylib
0x000000018d92c000 	/System/Library/Frameworks/Network.framework/Versions/A/Network
0x000000019277d000 	/usr/lib/libheimdal-asn1.dylib
0x0000000194f26000 	/System/Library/PrivateFrameworks/CommonAuth.framework/Versions/A/CommonAuth
0x0000000194737000 	/System/Library/PrivateFrameworks/AudioSession.framework/Versions/A/AudioSession
0x000000019280e000 	/System/Library/PrivateFrameworks/MediaExperience.framework/Versions/A/MediaExperience
0x00000001945bf000 	/System/Library/PrivateFrameworks/AudioSession.framework/libSessionUtility.dylib
0x0000000194b68000 	/System/Library/PrivateFrameworks/AudioResourceArbitration.framework/Versions/A/AudioResourceArbitration
0x0000000192786000 	/System/Library/PrivateFrameworks/IconFoundation.framework/Versions/A/IconFoundation
0x00000001979ed000 	/System/Library/PrivateFrameworks/SpeechRecognitionCore.framework/Versions/A/SpeechRecognitionCore
0x0000000105e28000 	/Library/Java/JavaVirtualMachines/zulu-17.jdk/Contents/Home/lib/server/libjvm.dylib
0x0000000104b8c000 	/Library/Java/JavaVirtualMachines/zulu-17.jdk/Contents/Home/lib/libjimage.dylib
0x0000000104bb8000 	/Library/Java/JavaVirtualMachines/zulu-17.jdk/Contents/Home/lib/libinstrument.dylib
0x0000000104c04000 	/Library/Java/JavaVirtualMachines/zulu-17.jdk/Contents/Home/lib/libjava.dylib
0x0000000104d64000 	/Library/Java/JavaVirtualMachines/zulu-17.jdk/Contents/Home/lib/libnio.dylib
0x0000000105788000 	/Library/Java/JavaVirtualMachines/zulu-17.jdk/Contents/Home/lib/libnet.dylib
0x0000000104bec000 	/Library/Java/JavaVirtualMachines/zulu-17.jdk/Contents/Home/lib/libzip.dylib
0x00000001057ac000 	/Users/felixhuisinga/.openjfx/cache/17.0.0.1/libprism_es2.dylib
0x0000000189a93000 	/System/Library/PrivateFrameworks/CoreServicesInternal.framework/Versions/A/CoreServicesInternal
0x00000001e8250000 	/System/Library/Frameworks/OpenGL.framework/Versions/A/Resources/GLEngine.bundle/GLEngine
0x00000001e80d7000 	/System/Library/Frameworks/OpenGL.framework/Versions/A/Libraries/libGLProgrammability.dylib
0x0000000105ab4000 	/System/Library/Extensions/AppleMetalOpenGLRenderer.bundle/Contents/MacOS/AppleMetalOpenGLRenderer
0x00000001e83bf000 	/System/Library/Frameworks/OpenGL.framework/Versions/A/Resources/GLRendererFloat.bundle/GLRendererFloat
0x00000001e8460000 	/System/Library/Extensions/AGXMetal13_3.bundle/Contents/MacOS/AGXMetal13_3
0x00000001a6ae1000 	/System/Library/PrivateFrameworks/GPURawCounter.framework/Versions/A/GPURawCounter
0x00000001a15b6000 	/System/Library/PrivateFrameworks/IOGPU.framework/Versions/A/IOGPU
0x0000000105bb0000 	/Users/felixhuisinga/.openjfx/cache/17.0.0.1/libglass.dylib
0x0000000198e8d000 	/System/Library/Frameworks/FileProvider.framework/Versions/A/FileProvider
0x000000018d6f9000 	/System/Library/Frameworks/Accounts.framework/Versions/A/Accounts
0x000000019900d000 	/System/Library/PrivateFrameworks/GenerationalStorage.framework/Versions/A/GenerationalStorage
0x0000000199bbd000 	/System/Library/PrivateFrameworks/CoreSymbolication.framework/Versions/A/CoreSymbolication
0x0000000198c2d000 	/System/Library/PrivateFrameworks/SymptomDiagnosticReporter.framework/Versions/A/SymptomDiagnosticReporter
0x000000018ad78000 	/System/Library/PrivateFrameworks/DesktopServicesPriv.framework/Versions/A/DesktopServicesPriv
0x0000000189bf2000 	/usr/lib/libsandbox.1.dylib
0x000000018e710000 	/System/Library/PrivateFrameworks/UserManagement.framework/Versions/A/UserManagement
0x0000000199b7e000 	/System/Library/PrivateFrameworks/DebugSymbols.framework/Versions/A/DebugSymbols
0x0000000194b47000 	/System/Library/PrivateFrameworks/NetAuth.framework/Versions/A/NetAuth
0x0000000195a45000 	/System/Library/PrivateFrameworks/Sharing.framework/Versions/A/Sharing
0x000000018e6e0000 	/System/Library/PrivateFrameworks/login.framework/Versions/A/Frameworks/loginsupport.framework/Versions/A/loginsupport
0x000000019ad2e000 	/System/Library/PrivateFrameworks/Apple80211.framework/Versions/A/Apple80211
0x0000000191837000 	/System/Library/PrivateFrameworks/AuthKit.framework/Versions/A/AuthKit
0x0000000190ece000 	/System/Library/PrivateFrameworks/CoreUtils.framework/Versions/A/CoreUtils
0x0000000190dee000 	/System/Library/Frameworks/CoreWLAN.framework/Versions/A/CoreWLAN
0x0000000195bae000 	/System/Library/Frameworks/IOBluetooth.framework/Versions/A/IOBluetooth
0x000000019ad8e000 	/System/Library/PrivateFrameworks/CoreWiFi.framework/Versions/A/CoreWiFi
0x0000000199765000 	/System/Library/PrivateFrameworks/FrontBoardServices.framework/Versions/A/FrontBoardServices
0x00000001997fd000 	/System/Library/PrivateFrameworks/BoardServices.framework/Versions/A/BoardServices
0x00000001910e9000 	/System/Library/PrivateFrameworks/AssertionServices.framework/Versions/A/AssertionServices
0x000000019aefc000 	/System/Library/PrivateFrameworks/BackBoardServices.framework/Versions/A/BackBoardServices
0x0000000194fb9000 	/System/Library/PrivateFrameworks/CorePhoneNumbers.framework/Versions/A/CorePhoneNumbers
0x0000000198d5d000 	/System/Library/PrivateFrameworks/DiskManagement.framework/Versions/A/DiskManagement
0x0000000198c60000 	/System/Library/PrivateFrameworks/AppleIDAuthSupport.framework/Versions/A/AppleIDAuthSupport
0x00000001ebff1000 	/System/Library/PrivateFrameworks/AAAFoundation.framework/Versions/A/AAAFoundation
0x0000000194f98000 	/System/Library/PrivateFrameworks/KeychainCircle.framework/Versions/A/KeychainCircle
0x0000000198d29000 	/System/Library/PrivateFrameworks/MediaKit.framework/Versions/A/MediaKit
0x0000000198c6d000 	/System/Library/Frameworks/DiscRecording.framework/Versions/A/DiscRecording
0x0000000192692000 	/usr/lib/libCoreStorage.dylib
0x000000019b1f6000 	/usr/lib/libcsfde.dylib
0x0000000195c83000 	/System/Library/PrivateFrameworks/ProtectedCloudStorage.framework/Versions/A/ProtectedCloudStorage
0x000000019b1ee000 	/System/Library/PrivateFrameworks/EFILogin.framework/Versions/A/EFILogin
0x0000000199034000 	/System/Library/PrivateFrameworks/OctagonTrust.framework/Versions/A/OctagonTrust
0x00000001f08d8000 	/System/Library/PrivateFrameworks/CoreUtilsExtras.framework/Versions/A/CoreUtilsExtras
0x0000000198b9f000 	/System/Library/Frameworks/CoreBluetooth.framework/Versions/A/CoreBluetooth
0x000000019b86d000 	/System/Library/Frameworks/AudioUnit.framework/Versions/A/AudioUnit
0x000000019268a000 	/usr/lib/libMatch.1.dylib
0x00000001aad48000 	/System/Library/Frameworks/Accelerate.framework/Versions/A/Frameworks/vImage.framework/Versions/A/Libraries/libCGInterfaces.dylib
0x0000000105e14000 	/usr/lib/libobjc-trampolines.dylib
0x000000018e3de000 	/System/Library/PrivateFrameworks/ViewBridge.framework/Versions/A/ViewBridge
0x0000000192551000 	/System/Library/PrivateFrameworks/CrashReporterSupport.framework/Versions/A/CrashReporterSupport
0x00000001b2657000 	/System/Library/PrivateFrameworks/OSAnalytics.framework/Versions/A/OSAnalytics
0x00000001bd7a6000 	/System/Library/PrivateFrameworks/Symbolication.framework/Versions/A/Symbolication
0x00000001a6aa2000 	/System/Library/PrivateFrameworks/MallocStackLogging.framework/Versions/A/MallocStackLogging
0x000000011e4e4000 	/Users/felixhuisinga/.openjfx/cache/17.0.0.1/libjavafx_font.dylib
0x0000000203aee000 	/usr/lib/libRosetta.dylib
0x0000000192dda000 	/System/Library/PrivateFrameworks/login.framework/Versions/A/login


VM Arguments:
jvm_args: -javaagent:/Applications/IntelliJ IDEA.app/Contents/lib/idea_rt.jar=50726:/Applications/IntelliJ IDEA.app/Contents/bin -Dfile.encoding=UTF-8 --module-path=/Users/felixhuisinga/.m2/repository/org/openjfx/javafx-graphics/17.0.0.1/javafx-graphics-17.0.0.1-mac-aarch64.jar:/Users/felixhuisinga/.m2/repository/com/fasterxml/jackson/core/jackson-core/2.13.0/jackson-core-2.13.0.jar:/Users/felixhuisinga/.m2/repository/com/fasterxml/jackson/dataformat/jackson-dataformat-yaml/2.13.0/jackson-dataformat-yaml-2.13.0.jar:/Users/felixhuisinga/.m2/repository/org/openjfx/javafx-fxml/17.0.0.1/javafx-fxml-17.0.0.1-mac-aarch64.jar:/Users/felixhuisinga/.m2/repository/com/fasterxml/jackson/core/jackson-databind/2.13.0/jackson-databind-2.13.0.jar:/Users/felixhuisinga/.m2/repository/org/openjfx/javafx-controls/17.0.0.1/javafx-controls-17.0.0.1-mac-aarch64.jar:/Users/felixhuisinga/.m2/repository/org/projectlombok/lombok/1.18.22/lombok-1.18.22.jar:/Users/felixhuisinga/Documents/Uni/Semester-3/Softwareergonimie/Abgabe_2/target/classes:/Users/felixhuisinga/.m2/repository/org/yaml/snakeyaml/1.28/snakeyaml-1.28.jar:/Users/felixhuisinga/.m2/repository/org/openjfx/javafx-base/17.0.0.1/javafx-base-17.0.0.1-mac-aarch64.jar:/Users/felixhuisinga/.m2/repository/com/fasterxml/jackson/core/jackson-annotations/2.13.0/jackson-annotations-2.13.0.jar -Djdk.module.main=de.rabitem.evluationtool 
java_command: de.rabitem.evluationtool/de.rabitem.evaluationtool.Main
java_class_path (initial): /Users/felixhuisinga/.m2/repository/org/openjfx/javafx-controls/17.0.0.1/javafx-controls-17.0.0.1.jar:/Users/felixhuisinga/.m2/repository/org/openjfx/javafx-graphics/17.0.0.1/javafx-graphics-17.0.0.1.jar:/Users/felixhuisinga/.m2/repository/org/openjfx/javafx-base/17.0.0.1/javafx-base-17.0.0.1.jar:/Users/felixhuisinga/.m2/repository/org/openjfx/javafx-fxml/17.0.0.1/javafx-fxml-17.0.0.1.jar
Launcher Type: SUN_STANDARD

[Global flags]
     intx CICompilerCount                          = 4                                         {product} {ergonomic}
     uint ConcGCThreads                            = 2                                         {product} {ergonomic}
     uint G1ConcRefinementThreads                  = 8                                         {product} {ergonomic}
   size_t G1HeapRegionSize                         = 2097152                                   {product} {ergonomic}
    uintx GCDrainStackTargetSize                   = 64                                        {product} {ergonomic}
   size_t InitialHeapSize                          = 268435456                                 {product} {ergonomic}
   size_t MarkStackSize                            = 4194304                                   {product} {ergonomic}
   size_t MaxHeapSize                              = 4294967296                                {product} {ergonomic}
   size_t MaxNewSize                               = 2575302656                                {product} {ergonomic}
   size_t MinHeapDeltaBytes                        = 2097152                                   {product} {ergonomic}
   size_t MinHeapSize                              = 8388608                                   {product} {ergonomic}
    uintx NonNMethodCodeHeapSize                   = 5839564                                {pd product} {ergonomic}
    uintx NonProfiledCodeHeapSize                  = 122909338                              {pd product} {ergonomic}
    uintx ProfiledCodeHeapSize                     = 122909338                              {pd product} {ergonomic}
    uintx ReservedCodeCacheSize                    = 251658240                              {pd product} {ergonomic}
     bool SegmentedCodeCache                       = true                                      {product} {ergonomic}
   size_t SoftMaxHeapSize                          = 4294967296                             {manageable} {ergonomic}
     bool UseCompressedClassPointers               = true                           {product lp64_product} {ergonomic}
     bool UseCompressedOops                        = true                           {product lp64_product} {ergonomic}
     bool UseG1GC                                  = true                                      {product} {ergonomic}
     bool UseNUMA                                  = false                                     {product} {ergonomic}
     bool UseNUMAInterleaving                      = false                                     {product} {ergonomic}

Logging:
Log output configuration:
 #0: stdout all=warning uptime,level,tags
 #1: stderr all=off uptime,level,tags

Environment Variables:
PATH=/opt/homebrew/bin:/opt/homebrew/sbin:/usr/local/bin:/usr/bin:/bin:/usr/sbin:/sbin:/Library/Apple/usr/bin
SHELL=/bin/zsh
LC_CTYPE=de_DE.UTF-8

Signal Handlers:
   SIGSEGV: _ZL13crash_handleriP9__siginfoPv in libjvm.dylib, mask=11100110000111110111111111111111, flags=SA_RESTART|SA_SIGINFO
    SIGBUS: _ZL13crash_handleriP9__siginfoPv in libjvm.dylib, mask=11100110000111110111111111111111, flags=SA_RESTART|SA_SIGINFO
    SIGFPE: _ZL13crash_handleriP9__siginfoPv in libjvm.dylib, mask=11100110000111110111111111111111, flags=SA_RESTART|SA_SIGINFO
   SIGPIPE: _ZL17javaSignalHandleriP9__siginfoPv in libjvm.dylib, mask=11100110000111110111111111111111, flags=SA_RESTART|SA_SIGINFO
   SIGXFSZ: _ZL17javaSignalHandleriP9__siginfoPv in libjvm.dylib, mask=11100110000111110111111111111111, flags=SA_RESTART|SA_SIGINFO
    SIGILL: _ZL13crash_handleriP9__siginfoPv in libjvm.dylib, mask=11100110000111110111111111111111, flags=SA_RESTART|SA_SIGINFO
   SIGUSR2: _ZL10SR_handleriP9__siginfoP17__darwin_ucontext in libjvm.dylib, mask=00100000000000000000000000000000, flags=SA_RESTART|SA_SIGINFO
    SIGHUP: _ZL11UserHandleriPvS_ in libjvm.dylib, mask=11100110000111110111111111111111, flags=SA_RESTART|SA_SIGINFO
    SIGINT: _ZL11UserHandleriPvS_ in libjvm.dylib, mask=11100110000111110111111111111111, flags=SA_RESTART|SA_SIGINFO
   SIGTERM: _ZL11UserHandleriPvS_ in libjvm.dylib, mask=11100110000111110111111111111111, flags=SA_RESTART|SA_SIGINFO
   SIGQUIT: _ZL11UserHandleriPvS_ in libjvm.dylib, mask=11100110000111110111111111111111, flags=SA_RESTART|SA_SIGINFO
   SIGTRAP: _ZL13crash_handleriP9__siginfoPv in libjvm.dylib, mask=11100110000111110111111111111111, flags=SA_RESTART|SA_SIGINFO


---------------  S Y S T E M  ---------------

OS:
uname: Darwin 21.1.0 Darwin Kernel Version 21.1.0: Wed Oct 13 17:33:24 PDT 2021; root:xnu-8019.41.5~1/RELEASE_ARM64_T8101 arm64
OS uptime: 0 days 18:08 hours
rlimit (soft/hard): STACK 8176k/65520k , CORE 0k/infinity , NPROC 2666/4000 , NOFILE 10240/infinity , AS infinity/infinity , CPU infinity/infinity , DATA infinity/infinity , FSIZE infinity/infinity , MEMLOCK infinity/infinity , RSS infinity/infinity
load average: 1.76 2.26 2.22

CPU: total 8 (initial active 8) 0x61:0x0:0x1b588bb3:0, fp, simd, crc, lse

Memory: 16k page, physical 16777216k(1506048k free), swap 0k(0k free)

vm_info: OpenJDK 64-Bit Server VM (17.0.1+12-LTS) for bsd-aarch64 JRE (17.0.1+12-LTS) (Zulu17.30+15-CA), built on Oct 20 2021 08:37:04 by "zulu_re" with clang Apple LLVM 12.0.0 (clang-1200.0.32.28)

END.
